Running in wrapper mode for '37'

Running python job.

[name: "CPU-QUOTA"
int_val: 28
int_val: 43
int_val: 47
int_val: 34
int_val: 28
int_val: 17
int_val: 41
, name: "DISK"
int_val: 19
int_val: 41
int_val: 24
int_val: 54
int_val: 38
int_val: 21
int_val: 38
, name: "MEMORY"
int_val: 24
int_val: 65
int_val: 32
int_val: 31
int_val: 70
int_val: 40
int_val: 36
, name: "NET"
int_val: 66
int_val: 60
int_val: 36
int_val: 64
int_val: 57
int_val: 67
int_val: 49
]
The paramters are {u'CPU-QUOTA': array([28, 43, 47, 34, 28, 17, 41]), u'NET': array([66, 60, 36, 64, 57, 67, 49]), u'DISK': array([19, 41, 24, 54, 38, 21, 38]), u'MEMORY': array([24, 65, 32, 31, 70, 40, 36])}
{'13.57.236.233': ['postgres', 'kibana'], '52.53.237.168': ['node-apt-app', 'kibana'], '13.57.232.190': ['elasticsearch', 'mysql'], '13.56.13.241': ['node-apt-app', 'logstash'], '13.57.58.49': ['haproxy', 'kibana'], '54.153.85.122': ['node-apt-app', 'kibana']}
Sum for NET is 126, which exceeds 120
----------------------------------------
Problem running the job:
(<type 'exceptions.ZeroDivisionError'>, ZeroDivisionError('integer division or modulo by zero',), <traceback object at 0x11326c6c8>)
Traceback (most recent call last):
  File "/Users/rahulbalakrishnan/Desktop/throttlebot/src/spearmint/spearmint/runner.py", line 42, in job_runner
    elif job.language == PYTHON: run_python_job(job)
  File "/Users/rahulbalakrishnan/Desktop/throttlebot/src/spearmint/spearmint/runner.py", line 142, in run_python_job
    result = module.main(job.id, params)
  File "/Users/rahulbalakrishnan/Desktop/throttlebot/src/spearmint/bayOptSearch/bayOpt.py", line 104, in main
    return explore_spearmint(workload_config, params)
  File "/Users/rahulbalakrishnan/Desktop/throttlebot/src/spearmint/bayOptSearch/bayOpt.py", line 162, in explore_spearmint
    return 1/0
ZeroDivisionError: integer division or modulo by zero
None
----------------------------------------
Job file reloaded.
Could not find value in output file.
Job failed in 7.62 seconds.
