Running in wrapper mode for '9'

Running python job.

[name: "CPU-QUOTA"
int_val: 42
int_val: 36
int_val: 95
int_val: 83
int_val: 21
int_val: 91
int_val: 26
, name: "DISK"
int_val: 64
int_val: 52
int_val: 17
int_val: 59
int_val: 29
int_val: 50
int_val: 55
, name: "MEMORY"
int_val: 56
int_val: 69
int_val: 57
int_val: 17
int_val: 24
int_val: 50
int_val: 26
, name: "NET"
int_val: 22
int_val: 68
int_val: 41
int_val: 14
int_val: 61
int_val: 60
int_val: 50
]
The paramters are {u'CPU-QUOTA': array([42, 36, 95, 83, 21, 91, 26]), u'NET': array([22, 68, 41, 14, 61, 60, 50]), u'DISK': array([64, 52, 17, 59, 29, 50, 55]), u'MEMORY': array([56, 69, 57, 17, 24, 50, 26])}
{'13.57.236.233': ['postgres', 'kibana'], '52.53.237.168': ['node-apt-app', 'kibana'], '13.57.232.190': ['elasticsearch', 'mysql'], '13.56.13.241': ['node-apt-app', 'logstash'], '13.57.58.49': ['haproxy', 'kibana'], '54.153.85.122': ['node-apt-app', 'kibana']}
Sum for NET is 128, which exceeds 120
----------------------------------------
Problem running the job:
(<type 'exceptions.ZeroDivisionError'>, ZeroDivisionError('integer division or modulo by zero',), <traceback object at 0x1158078c0>)
Traceback (most recent call last):
  File "/Users/rahulbalakrishnan/Desktop/throttlebot/src/spearmint/spearmint/runner.py", line 42, in job_runner
    elif job.language == PYTHON: run_python_job(job)
  File "/Users/rahulbalakrishnan/Desktop/throttlebot/src/spearmint/spearmint/runner.py", line 142, in run_python_job
    result = module.main(job.id, params)
  File "/Users/rahulbalakrishnan/Desktop/throttlebot/src/spearmint/bayOptSearch/bayOpt.py", line 104, in main
    return explore_spearmint(workload_config, params)
  File "/Users/rahulbalakrishnan/Desktop/throttlebot/src/spearmint/bayOptSearch/bayOpt.py", line 162, in explore_spearmint
    return 1/0
ZeroDivisionError: integer division or modulo by zero
None
----------------------------------------
Job file reloaded.
Could not find value in output file.
Job failed in 9.31 seconds.
