Running in wrapper mode for '13'

Running python job.

[name: "CPU-QUOTA"
int_val: 16
int_val: 10
int_val: 80
int_val: 29
int_val: 19
int_val: 48
int_val: 63
, name: "DISK"
int_val: 35
int_val: 35
int_val: 42
int_val: 34
int_val: 69
int_val: 56
int_val: 23
, name: "MEMORY"
int_val: 46
int_val: 63
int_val: 25
int_val: 64
int_val: 15
int_val: 63
int_val: 13
, name: "NET"
int_val: 24
int_val: 32
int_val: 32
int_val: 20
int_val: 56
int_val: 55
int_val: 29
]
The paramters are {u'CPU-QUOTA': array([16, 10, 80, 29, 19, 48, 63]), u'NET': array([24, 32, 32, 20, 56, 55, 29]), u'DISK': array([35, 35, 42, 34, 69, 56, 23]), u'MEMORY': array([46, 63, 25, 64, 15, 63, 13])}
{'13.57.236.233': ['postgres', 'kibana'], '52.53.237.168': ['node-apt-app', 'kibana'], '13.57.232.190': ['elasticsearch', 'mysql'], '13.56.13.241': ['node-apt-app', 'logstash'], '13.57.58.49': ['haproxy', 'kibana'], '54.153.85.122': ['node-apt-app', 'kibana']}
Sum for MEMORY is 126, which exceeds 120
----------------------------------------
Problem running the job:
(<type 'exceptions.ZeroDivisionError'>, ZeroDivisionError('integer division or modulo by zero',), <traceback object at 0x1158ac560>)
Traceback (most recent call last):
  File "/Users/rahulbalakrishnan/Desktop/throttlebot/src/spearmint/spearmint/runner.py", line 42, in job_runner
    elif job.language == PYTHON: run_python_job(job)
  File "/Users/rahulbalakrishnan/Desktop/throttlebot/src/spearmint/spearmint/runner.py", line 142, in run_python_job
    result = module.main(job.id, params)
  File "/Users/rahulbalakrishnan/Desktop/throttlebot/src/spearmint/bayOptSearch/bayOpt.py", line 104, in main
    return explore_spearmint(workload_config, params)
  File "/Users/rahulbalakrishnan/Desktop/throttlebot/src/spearmint/bayOptSearch/bayOpt.py", line 162, in explore_spearmint
    return 1/0
ZeroDivisionError: integer division or modulo by zero
None
----------------------------------------
Job file reloaded.
Could not find value in output file.
Job failed in 20.13 seconds.
