Running in wrapper mode for '6'

Running python job.

[name: "CPU-QUOTA"
int_val: 76
int_val: 70
int_val: 83
int_val: 49
int_val: 33
int_val: 57
int_val: 60
, name: "DISK"
int_val: 56
int_val: 14
int_val: 40
int_val: 21
int_val: 37
int_val: 12
int_val: 17
, name: "MEMORY"
int_val: 64
int_val: 31
int_val: 65
int_val: 70
int_val: 62
int_val: 57
int_val: 19
, name: "NET"
int_val: 14
int_val: 60
int_val: 64
int_val: 52
int_val: 54
int_val: 22
int_val: 12
]
The paramters are {u'CPU-QUOTA': array([76, 70, 83, 49, 33, 57, 60]), u'NET': array([14, 60, 64, 52, 54, 22, 12]), u'DISK': array([56, 14, 40, 21, 37, 12, 17]), u'MEMORY': array([64, 31, 65, 70, 62, 57, 19])}
{'13.57.236.233': ['postgres', 'kibana'], '52.53.237.168': ['node-apt-app', 'kibana'], '13.57.232.190': ['elasticsearch', 'mysql'], '13.56.13.241': ['node-apt-app', 'logstash'], '13.57.58.49': ['haproxy', 'kibana'], '54.153.85.122': ['node-apt-app', 'kibana']}
Sum for MEMORY is 127, which exceeds 120
----------------------------------------
Problem running the job:
(<type 'exceptions.ZeroDivisionError'>, ZeroDivisionError('integer division or modulo by zero',), <traceback object at 0x11588fd88>)
Traceback (most recent call last):
  File "/Users/rahulbalakrishnan/Desktop/throttlebot/src/spearmint/spearmint/runner.py", line 42, in job_runner
    elif job.language == PYTHON: run_python_job(job)
  File "/Users/rahulbalakrishnan/Desktop/throttlebot/src/spearmint/spearmint/runner.py", line 142, in run_python_job
    result = module.main(job.id, params)
  File "/Users/rahulbalakrishnan/Desktop/throttlebot/src/spearmint/bayOptSearch/bayOpt.py", line 104, in main
    return explore_spearmint(workload_config, params)
  File "/Users/rahulbalakrishnan/Desktop/throttlebot/src/spearmint/bayOptSearch/bayOpt.py", line 162, in explore_spearmint
    return 1/0
ZeroDivisionError: integer division or modulo by zero
None
----------------------------------------
Job file reloaded.
Could not find value in output file.
Job failed in 16.82 seconds.
