Running in wrapper mode for '19'

Running python job.

[name: "CPU-QUOTA"
int_val: 73
int_val: 22
int_val: 69
int_val: 40
int_val: 30
int_val: 82
int_val: 51
, name: "DISK"
int_val: 43
int_val: 12
int_val: 49
int_val: 27
int_val: 46
int_val: 48
int_val: 46
, name: "MEMORY"
int_val: 39
int_val: 10
int_val: 17
int_val: 57
int_val: 53
int_val: 25
int_val: 21
, name: "NET"
int_val: 62
int_val: 24
int_val: 70
int_val: 27
int_val: 63
int_val: 17
int_val: 52
]
The paramters are {u'CPU-QUOTA': array([73, 22, 69, 40, 30, 82, 51]), u'NET': array([62, 24, 70, 27, 63, 17, 52]), u'DISK': array([43, 12, 49, 27, 46, 48, 46]), u'MEMORY': array([39, 10, 17, 57, 53, 25, 21])}
{'13.57.236.233': ['postgres', 'kibana'], '52.53.237.168': ['node-apt-app', 'kibana'], '13.57.232.190': ['elasticsearch', 'mysql'], '13.56.13.241': ['node-apt-app', 'logstash'], '13.57.58.49': ['haproxy', 'kibana'], '54.153.85.122': ['node-apt-app', 'kibana']}
Sum for NET is 133, which exceeds 120
----------------------------------------
Problem running the job:
(<type 'exceptions.ZeroDivisionError'>, ZeroDivisionError('integer division or modulo by zero',), <traceback object at 0x1157f3290>)
Traceback (most recent call last):
  File "/Users/rahulbalakrishnan/Desktop/throttlebot/src/spearmint/spearmint/runner.py", line 42, in job_runner
    elif job.language == PYTHON: run_python_job(job)
  File "/Users/rahulbalakrishnan/Desktop/throttlebot/src/spearmint/spearmint/runner.py", line 142, in run_python_job
    result = module.main(job.id, params)
  File "/Users/rahulbalakrishnan/Desktop/throttlebot/src/spearmint/bayOptSearch/bayOpt.py", line 104, in main
    return explore_spearmint(workload_config, params)
  File "/Users/rahulbalakrishnan/Desktop/throttlebot/src/spearmint/bayOptSearch/bayOpt.py", line 162, in explore_spearmint
    return 1/0
ZeroDivisionError: integer division or modulo by zero
None
----------------------------------------
Job file reloaded.
Could not find value in output file.
Job failed in 8.62 seconds.
