Running in wrapper mode for '17'

Running python job.

[name: "CPU-QUOTA"
int_val: 50
int_val: 44
int_val: 46
int_val: 18
int_val: 98
int_val: 60
int_val: 74
, name: "DISK"
int_val: 58
int_val: 27
int_val: 34
int_val: 11
int_val: 31
int_val: 64
int_val: 31
, name: "MEMORY"
int_val: 24
int_val: 56
int_val: 63
int_val: 41
int_val: 38
int_val: 10
int_val: 66
, name: "NET"
int_val: 47
int_val: 70
int_val: 54
int_val: 12
int_val: 18
int_val: 62
int_val: 37
]
The paramters are {u'CPU-QUOTA': array([50, 44, 46, 18, 98, 60, 74]), u'NET': array([47, 70, 54, 12, 18, 62, 37]), u'DISK': array([58, 27, 34, 11, 31, 64, 31]), u'MEMORY': array([24, 56, 63, 41, 38, 10, 66])}
{'13.57.236.233': ['postgres', 'kibana'], '52.53.237.168': ['node-apt-app', 'kibana'], '13.57.232.190': ['elasticsearch', 'mysql'], '13.56.13.241': ['node-apt-app', 'logstash'], '13.57.58.49': ['haproxy', 'kibana'], '54.153.85.122': ['node-apt-app', 'kibana']}
Sum for NET is 132, which exceeds 120
----------------------------------------
Problem running the job:
(<type 'exceptions.ZeroDivisionError'>, ZeroDivisionError('integer division or modulo by zero',), <traceback object at 0x11580e320>)
Traceback (most recent call last):
  File "/Users/rahulbalakrishnan/Desktop/throttlebot/src/spearmint/spearmint/runner.py", line 42, in job_runner
    elif job.language == PYTHON: run_python_job(job)
  File "/Users/rahulbalakrishnan/Desktop/throttlebot/src/spearmint/spearmint/runner.py", line 142, in run_python_job
    result = module.main(job.id, params)
  File "/Users/rahulbalakrishnan/Desktop/throttlebot/src/spearmint/bayOptSearch/bayOpt.py", line 104, in main
    return explore_spearmint(workload_config, params)
  File "/Users/rahulbalakrishnan/Desktop/throttlebot/src/spearmint/bayOptSearch/bayOpt.py", line 162, in explore_spearmint
    return 1/0
ZeroDivisionError: integer division or modulo by zero
None
----------------------------------------
Job file reloaded.
Could not find value in output file.
Job failed in 10.54 seconds.
