Running in wrapper mode for '22'

Running python job.

[name: "CPU-QUOTA"
int_val: 76
int_val: 100
int_val: 60
, name: "DISK"
int_val: 41
int_val: 27
int_val: 27
, name: "MEMORY"
int_val: 30
int_val: 25
int_val: 46
, name: "NET"
int_val: 46
int_val: 10
int_val: 18
]
The paramters are {u'CPU-QUOTA': array([ 76, 100,  60]), u'NET': array([46, 10, 18]), u'DISK': array([41, 27, 27]), u'MEMORY': array([30, 25, 46])}
{'54.183.145.77': ['node-app'], '54.215.222.76': ['haproxy', 'mongo']}
Sum for CPU-QUOTA is 220, which exceeds 200
----------------------------------------
Problem running the job:
(<type 'exceptions.ZeroDivisionError'>, ZeroDivisionError('integer division or modulo by zero',), <traceback object at 0x113f327a0>)
Traceback (most recent call last):
  File "/Users/rahulbalakrishnan/Desktop/throttlebot/src/spearmint/spearmint/runner.py", line 42, in job_runner
    elif job.language == PYTHON: run_python_job(job)
  File "/Users/rahulbalakrishnan/Desktop/throttlebot/src/spearmint/spearmint/runner.py", line 142, in run_python_job
    result = module.main(job.id, params)
  File "/Users/rahulbalakrishnan/Desktop/throttlebot/src/spearmint/bayOptSearch/bayOpt.py", line 104, in main
    return explore_spearmint(workload_config, params)
  File "/Users/rahulbalakrishnan/Desktop/throttlebot/src/spearmint/bayOptSearch/bayOpt.py", line 162, in explore_spearmint
    return 1/0
ZeroDivisionError: integer division or modulo by zero
None
----------------------------------------
Job file reloaded.
Could not find value in output file.
Job failed in 2.64 seconds.
