Running in wrapper mode for '26'

Running python job.

[name: "CPU-QUOTA"
int_val: 87
int_val: 66
int_val: 26
, name: "DISK"
int_val: 46
int_val: 32
int_val: 32
, name: "MEMORY"
int_val: 35
int_val: 40
int_val: 41
, name: "NET"
int_val: 10
int_val: 25
int_val: 33
]
The paramters are {u'CPU-QUOTA': array([87, 66, 26]), u'NET': array([10, 25, 33]), u'DISK': array([46, 32, 32]), u'MEMORY': array([35, 40, 41])}
{'54.183.145.77': ['node-app'], '54.215.222.76': ['haproxy', 'mongo']}
Sum for MEMORY is 122, which exceeds 120
----------------------------------------
Problem running the job:
(<type 'exceptions.ZeroDivisionError'>, ZeroDivisionError('integer division or modulo by zero',), <traceback object at 0x113f75998>)
Traceback (most recent call last):
  File "/Users/rahulbalakrishnan/Desktop/throttlebot/src/spearmint/spearmint/runner.py", line 42, in job_runner
    elif job.language == PYTHON: run_python_job(job)
  File "/Users/rahulbalakrishnan/Desktop/throttlebot/src/spearmint/spearmint/runner.py", line 142, in run_python_job
    result = module.main(job.id, params)
  File "/Users/rahulbalakrishnan/Desktop/throttlebot/src/spearmint/bayOptSearch/bayOpt.py", line 104, in main
    return explore_spearmint(workload_config, params)
  File "/Users/rahulbalakrishnan/Desktop/throttlebot/src/spearmint/bayOptSearch/bayOpt.py", line 162, in explore_spearmint
    return 1/0
ZeroDivisionError: integer division or modulo by zero
None
----------------------------------------
Job file reloaded.
Could not find value in output file.
Job failed in 5.93 seconds.
