Running in wrapper mode for '12'

Running python job.

[name: "CPU-QUOTA"
int_val: 15
int_val: 90
int_val: 70
, name: "DISK"
int_val: 24
int_val: 38
int_val: 18
, name: "MEMORY"
int_val: 37
int_val: 49
int_val: 45
, name: "NET"
int_val: 35
int_val: 30
int_val: 37
]
The paramters are {u'CPU-QUOTA': array([15, 90, 70]), u'NET': array([35, 30, 37]), u'DISK': array([24, 38, 18]), u'MEMORY': array([37, 49, 45])}
{'54.183.145.77': ['node-app'], '54.215.222.76': ['haproxy', 'mongo']}
Sum for CPU-QUOTA is 230, which exceeds 200
----------------------------------------
Problem running the job:
(<type 'exceptions.ZeroDivisionError'>, ZeroDivisionError('integer division or modulo by zero',), <traceback object at 0x113f2dbd8>)
Traceback (most recent call last):
  File "/Users/rahulbalakrishnan/Desktop/throttlebot/src/spearmint/spearmint/runner.py", line 42, in job_runner
    elif job.language == PYTHON: run_python_job(job)
  File "/Users/rahulbalakrishnan/Desktop/throttlebot/src/spearmint/spearmint/runner.py", line 142, in run_python_job
    result = module.main(job.id, params)
  File "/Users/rahulbalakrishnan/Desktop/throttlebot/src/spearmint/bayOptSearch/bayOpt.py", line 104, in main
    return explore_spearmint(workload_config, params)
  File "/Users/rahulbalakrishnan/Desktop/throttlebot/src/spearmint/bayOptSearch/bayOpt.py", line 162, in explore_spearmint
    return 1/0
ZeroDivisionError: integer division or modulo by zero
None
----------------------------------------
Job file reloaded.
Could not find value in output file.
Job failed in 2.57 seconds.
