Running in wrapper mode for '0'

Running python job.

[name: "CPU-QUOTA"
int_val: 43
int_val: 84
int_val: 42
, name: "DISK"
int_val: 42
int_val: 41
int_val: 46
, name: "MEMORY"
int_val: 35
int_val: 36
int_val: 43
, name: "NET"
int_val: 23
int_val: 37
int_val: 45
]
The paramters are {u'CPU-QUOTA': array([43, 84, 42]), u'NET': array([23, 37, 45]), u'DISK': array([42, 41, 46]), u'MEMORY': array([35, 36, 43])}
{'54.183.145.77': ['node-app'], '54.215.222.76': ['haproxy', 'mongo']}
Sum for NET is 127, which exceeds 120
----------------------------------------
Problem running the job:
(<type 'exceptions.ZeroDivisionError'>, ZeroDivisionError('integer division or modulo by zero',), <traceback object at 0x113baaab8>)
Traceback (most recent call last):
  File "/Users/rahulbalakrishnan/Desktop/throttlebot/src/spearmint/spearmint/runner.py", line 42, in job_runner
    elif job.language == PYTHON: run_python_job(job)
  File "/Users/rahulbalakrishnan/Desktop/throttlebot/src/spearmint/spearmint/runner.py", line 142, in run_python_job
    result = module.main(job.id, params)
  File "/Users/rahulbalakrishnan/Desktop/throttlebot/src/spearmint/bayOptSearch/bayOpt.py", line 104, in main
    return explore_spearmint(workload_config, params)
  File "/Users/rahulbalakrishnan/Desktop/throttlebot/src/spearmint/bayOptSearch/bayOpt.py", line 162, in explore_spearmint
    return 1/0
ZeroDivisionError: integer division or modulo by zero
None
----------------------------------------
Job file reloaded.
Could not find value in output file.
Job failed in 3.72 seconds.
