Running in wrapper mode for '1'

Running python job.

[name: "CPU-QUOTA"
int_val: 55
int_val: 50
int_val: 76
, name: "DISK"
int_val: 16
int_val: 25
int_val: 41
, name: "MEMORY"
int_val: 50
int_val: 41
int_val: 17
, name: "NET"
int_val: 48
int_val: 12
int_val: 20
]
The paramters are {u'CPU-QUOTA': array([55, 50, 76]), u'NET': array([48, 12, 20]), u'DISK': array([16, 25, 41]), u'MEMORY': array([50, 41, 17])}
{'54.183.145.77': ['node-app'], '54.215.222.76': ['haproxy', 'mongo']}
Sum for CPU-QUOTA is 202, which exceeds 200
----------------------------------------
Problem running the job:
(<type 'exceptions.ZeroDivisionError'>, ZeroDivisionError('integer division or modulo by zero',), <traceback object at 0x113b72f80>)
Traceback (most recent call last):
  File "/Users/rahulbalakrishnan/Desktop/throttlebot/src/spearmint/spearmint/runner.py", line 42, in job_runner
    elif job.language == PYTHON: run_python_job(job)
  File "/Users/rahulbalakrishnan/Desktop/throttlebot/src/spearmint/spearmint/runner.py", line 142, in run_python_job
    result = module.main(job.id, params)
  File "/Users/rahulbalakrishnan/Desktop/throttlebot/src/spearmint/bayOptSearch/bayOpt.py", line 104, in main
    return explore_spearmint(workload_config, params)
  File "/Users/rahulbalakrishnan/Desktop/throttlebot/src/spearmint/bayOptSearch/bayOpt.py", line 162, in explore_spearmint
    return 1/0
ZeroDivisionError: integer division or modulo by zero
None
----------------------------------------
Job file reloaded.
Could not find value in output file.
Job failed in 2.74 seconds.
