Running in wrapper mode for '27'

Running python job.

[name: "CPU-QUOTA"
int_val: 65
int_val: 43
int_val: 49
, name: "DISK"
int_val: 15
int_val: 42
int_val: 22
, name: "MEMORY"
int_val: 46
int_val: 10
int_val: 10
, name: "NET"
int_val: 21
int_val: 35
int_val: 43
]
The paramters are {u'CPU-QUOTA': array([65, 43, 49]), u'NET': array([21, 35, 43]), u'DISK': array([15, 42, 22]), u'MEMORY': array([46, 10, 10])}
{'54.183.145.77': ['node-app'], '54.215.222.76': ['haproxy', 'mongo']}
Sum for NET is 121, which exceeds 120
----------------------------------------
Problem running the job:
(<type 'exceptions.ZeroDivisionError'>, ZeroDivisionError('integer division or modulo by zero',), <traceback object at 0x113f4b9e0>)
Traceback (most recent call last):
  File "/Users/rahulbalakrishnan/Desktop/throttlebot/src/spearmint/spearmint/runner.py", line 42, in job_runner
    elif job.language == PYTHON: run_python_job(job)
  File "/Users/rahulbalakrishnan/Desktop/throttlebot/src/spearmint/spearmint/runner.py", line 142, in run_python_job
    result = module.main(job.id, params)
  File "/Users/rahulbalakrishnan/Desktop/throttlebot/src/spearmint/bayOptSearch/bayOpt.py", line 104, in main
    return explore_spearmint(workload_config, params)
  File "/Users/rahulbalakrishnan/Desktop/throttlebot/src/spearmint/bayOptSearch/bayOpt.py", line 162, in explore_spearmint
    return 1/0
ZeroDivisionError: integer division or modulo by zero
None
----------------------------------------
Job file reloaded.
Could not find value in output file.
Job failed in 4.06 seconds.
