Running in wrapper mode for '28'

Running python job.

[name: "CPU-QUOTA"
int_val: 19
int_val: 88
int_val: 94
, name: "DISK"
int_val: 36
int_val: 22
int_val: 43
, name: "MEMORY"
int_val: 25
int_val: 30
int_val: 30
, name: "NET"
int_val: 41
int_val: 15
int_val: 23
]
The paramters are {u'CPU-QUOTA': array([19, 88, 94]), u'NET': array([41, 15, 23]), u'DISK': array([36, 22, 43]), u'MEMORY': array([25, 30, 30])}
{'54.183.145.77': ['node-app'], '54.215.222.76': ['haproxy', 'mongo']}
Sum for CPU-QUOTA is 276, which exceeds 200
----------------------------------------
Problem running the job:
(<type 'exceptions.ZeroDivisionError'>, ZeroDivisionError('integer division or modulo by zero',), <traceback object at 0x113f2fe60>)
Traceback (most recent call last):
  File "/Users/rahulbalakrishnan/Desktop/throttlebot/src/spearmint/spearmint/runner.py", line 42, in job_runner
    elif job.language == PYTHON: run_python_job(job)
  File "/Users/rahulbalakrishnan/Desktop/throttlebot/src/spearmint/spearmint/runner.py", line 142, in run_python_job
    result = module.main(job.id, params)
  File "/Users/rahulbalakrishnan/Desktop/throttlebot/src/spearmint/bayOptSearch/bayOpt.py", line 104, in main
    return explore_spearmint(workload_config, params)
  File "/Users/rahulbalakrishnan/Desktop/throttlebot/src/spearmint/bayOptSearch/bayOpt.py", line 162, in explore_spearmint
    return 1/0
ZeroDivisionError: integer division or modulo by zero
None
----------------------------------------
Job file reloaded.
Could not find value in output file.
Job failed in 2.31 seconds.
