Running in wrapper mode for '3'

Running python job.

[name: "CPU-QUOTA"
int_val: 77
int_val: 27
int_val: 53
, name: "DISK"
int_val: 26
int_val: 35
int_val: 30
, name: "MEMORY"
int_val: 19
int_val: 31
int_val: 27
, name: "NET"
int_val: 18
int_val: 22
int_val: 50
]
The paramters are {u'CPU-QUOTA': array([77, 27, 53]), u'NET': array([18, 22, 50]), u'DISK': array([26, 35, 30]), u'MEMORY': array([19, 31, 27])}
{'54.183.145.77': ['node-app'], '54.215.222.76': ['haproxy', 'mongo']}
Sum for NET is 122, which exceeds 120
----------------------------------------
Problem running the job:
(<type 'exceptions.ZeroDivisionError'>, ZeroDivisionError('integer division or modulo by zero',), <traceback object at 0x113d65e60>)
Traceback (most recent call last):
  File "/Users/rahulbalakrishnan/Desktop/throttlebot/src/spearmint/spearmint/runner.py", line 42, in job_runner
    elif job.language == PYTHON: run_python_job(job)
  File "/Users/rahulbalakrishnan/Desktop/throttlebot/src/spearmint/spearmint/runner.py", line 142, in run_python_job
    result = module.main(job.id, params)
  File "/Users/rahulbalakrishnan/Desktop/throttlebot/src/spearmint/bayOptSearch/bayOpt.py", line 104, in main
    return explore_spearmint(workload_config, params)
  File "/Users/rahulbalakrishnan/Desktop/throttlebot/src/spearmint/bayOptSearch/bayOpt.py", line 162, in explore_spearmint
    return 1/0
ZeroDivisionError: integer division or modulo by zero
None
----------------------------------------
Job file reloaded.
Could not find value in output file.
Job failed in 3.96 seconds.
