Running in wrapper mode for '14'

Running python job.

[name: "CPU-QUOTA"
int_val: 59
int_val: 71
int_val: 89
, name: "DISK"
int_val: 28
int_val: 50
int_val: 25
, name: "MEMORY"
int_val: 33
int_val: 33
int_val: 43
, name: "NET"
int_val: 49
int_val: 38
int_val: 46
]
The paramters are {u'CPU-QUOTA': array([59, 71, 89]), u'NET': array([49, 38, 46]), u'DISK': array([28, 50, 25]), u'MEMORY': array([33, 33, 43])}
{'54.183.145.77': ['node-app'], '54.215.222.76': ['haproxy', 'mongo']}
Sum for CPU-QUOTA is 249, which exceeds 200
----------------------------------------
Problem running the job:
(<type 'exceptions.ZeroDivisionError'>, ZeroDivisionError('integer division or modulo by zero',), <traceback object at 0x113f29e18>)
Traceback (most recent call last):
  File "/Users/rahulbalakrishnan/Desktop/throttlebot/src/spearmint/spearmint/runner.py", line 42, in job_runner
    elif job.language == PYTHON: run_python_job(job)
  File "/Users/rahulbalakrishnan/Desktop/throttlebot/src/spearmint/spearmint/runner.py", line 142, in run_python_job
    result = module.main(job.id, params)
  File "/Users/rahulbalakrishnan/Desktop/throttlebot/src/spearmint/bayOptSearch/bayOpt.py", line 104, in main
    return explore_spearmint(workload_config, params)
  File "/Users/rahulbalakrishnan/Desktop/throttlebot/src/spearmint/bayOptSearch/bayOpt.py", line 162, in explore_spearmint
    return 1/0
ZeroDivisionError: integer division or modulo by zero
None
----------------------------------------
Job file reloaded.
Could not find value in output file.
Job failed in 2.58 seconds.
