Running in wrapper mode for '8'

Running python job.

[name: "CPU-QUOTA"
int_val: 49
int_val: 56
int_val: 13
, name: "DISK"
int_val: 29
int_val: 23
int_val: 43
, name: "MEMORY"
int_val: 32
int_val: 23
int_val: 50
, name: "NET"
int_val: 20
int_val: 14
int_val: 12
]
The paramters are {u'CPU-QUOTA': array([49, 56, 13]), u'NET': array([20, 14, 12]), u'DISK': array([29, 23, 43]), u'MEMORY': array([32, 23, 50])}
{'54.183.145.77': ['node-app'], '54.215.222.76': ['haproxy', 'mongo']}
Sum for MEMORY is 123, which exceeds 120
----------------------------------------
Problem running the job:
(<type 'exceptions.ZeroDivisionError'>, ZeroDivisionError('integer division or modulo by zero',), <traceback object at 0x113f6d440>)
Traceback (most recent call last):
  File "/Users/rahulbalakrishnan/Desktop/throttlebot/src/spearmint/spearmint/runner.py", line 42, in job_runner
    elif job.language == PYTHON: run_python_job(job)
  File "/Users/rahulbalakrishnan/Desktop/throttlebot/src/spearmint/spearmint/runner.py", line 142, in run_python_job
    result = module.main(job.id, params)
  File "/Users/rahulbalakrishnan/Desktop/throttlebot/src/spearmint/bayOptSearch/bayOpt.py", line 104, in main
    return explore_spearmint(workload_config, params)
  File "/Users/rahulbalakrishnan/Desktop/throttlebot/src/spearmint/bayOptSearch/bayOpt.py", line 162, in explore_spearmint
    return 1/0
ZeroDivisionError: integer division or modulo by zero
None
----------------------------------------
Job file reloaded.
Could not find value in output file.
Job failed in 5.85 seconds.
