Running in wrapper mode for '20022'

Running python job.

[name: "CPU-QUOTA"
int_val: 100
int_val: 36
int_val: 85
, name: "DISK"
int_val: 10
int_val: 12
int_val: 41
, name: "MEMORY"
int_val: 39
int_val: 34
int_val: 25
, name: "NET"
int_val: 30
int_val: 42
int_val: 24
]
The paramters are {u'CPU-QUOTA': array([100,  36,  85]), u'NET': array([30, 42, 24]), u'DISK': array([10, 12, 41]), u'MEMORY': array([39, 34, 25])}
{'54.183.145.77': ['node-app'], '54.215.222.76': ['haproxy', 'mongo']}
Sum for CPU-QUOTA is 206, which exceeds 200
----------------------------------------
Problem running the job:
(<type 'exceptions.ZeroDivisionError'>, ZeroDivisionError('integer division or modulo by zero',), <traceback object at 0x117901368>)
Traceback (most recent call last):
  File "/Users/rahulbalakrishnan/Desktop/throttlebot/src/spearmint/spearmint/runner.py", line 42, in job_runner
    elif job.language == PYTHON: run_python_job(job)
  File "/Users/rahulbalakrishnan/Desktop/throttlebot/src/spearmint/spearmint/runner.py", line 142, in run_python_job
    result = module.main(job.id, params)
  File "/Users/rahulbalakrishnan/Desktop/throttlebot/src/spearmint/bayOptSearch/bayOpt.py", line 104, in main
    return explore_spearmint(workload_config, params)
  File "/Users/rahulbalakrishnan/Desktop/throttlebot/src/spearmint/bayOptSearch/bayOpt.py", line 162, in explore_spearmint
    return 1/0
ZeroDivisionError: integer division or modulo by zero
None
----------------------------------------
Job file reloaded.
Could not find value in output file.
Job failed in 6.91 seconds.
