Running in wrapper mode for '1'

Running python job.

[name: "CPU-QUOTA"
int_val: 29
int_val: 74
int_val: 81
, name: "DISK"
int_val: 36
int_val: 50
int_val: 22
, name: "MEMORY"
int_val: 17
int_val: 18
int_val: 29
, name: "NET"
int_val: 30
int_val: 43
int_val: 18
]
The paramters are {u'CPU-QUOTA': array([29, 74, 81]), u'NET': array([30, 43, 18]), u'DISK': array([36, 50, 22]), u'MEMORY': array([17, 18, 29])}
{'54.183.145.77': ['node-app'], '54.215.222.76': ['haproxy', 'mongo']}
Sum for CPU-QUOTA is 236, which exceeds 200
----------------------------------------
Problem running the job:
(<type 'exceptions.ZeroDivisionError'>, ZeroDivisionError('integer division or modulo by zero',), <traceback object at 0x11d0e0e18>)
Traceback (most recent call last):
  File "/Users/rahulbalakrishnan/Desktop/throttlebot/src/spearmint/spearmint/runner.py", line 42, in job_runner
    elif job.language == PYTHON: run_python_job(job)
  File "/Users/rahulbalakrishnan/Desktop/throttlebot/src/spearmint/spearmint/runner.py", line 142, in run_python_job
    result = module.main(job.id, params)
  File "/Users/rahulbalakrishnan/Desktop/throttlebot/src/spearmint/bayOptSearch/bayOpt.py", line 104, in main
    return explore_spearmint(workload_config, params)
  File "/Users/rahulbalakrishnan/Desktop/throttlebot/src/spearmint/bayOptSearch/bayOpt.py", line 162, in explore_spearmint
    return 1/0
ZeroDivisionError: integer division or modulo by zero
None
----------------------------------------
Job file reloaded.
Could not find value in output file.
Job failed in 2.69 seconds.
