Running in wrapper mode for '0'

Running python job.

[name: "CPU-QUOTA"
int_val: 74
int_val: 29
int_val: 36
, name: "DISK"
int_val: 16
int_val: 30
int_val: 43
, name: "MEMORY"
int_val: 37
int_val: 38
int_val: 50
, name: "NET"
int_val: 50
int_val: 23
int_val: 39
]
The paramters are {u'CPU-QUOTA': array([74, 29, 36]), u'NET': array([50, 23, 39]), u'DISK': array([16, 30, 43]), u'MEMORY': array([37, 38, 50])}
{'54.183.145.77': ['node-app'], '54.215.222.76': ['haproxy', 'mongo']}
Sum for MEMORY is 138, which exceeds 120
----------------------------------------
Problem running the job:
(<type 'exceptions.ZeroDivisionError'>, ZeroDivisionError('integer division or modulo by zero',), <traceback object at 0x11d13a9e0>)
Traceback (most recent call last):
  File "/Users/rahulbalakrishnan/Desktop/throttlebot/src/spearmint/spearmint/runner.py", line 42, in job_runner
    elif job.language == PYTHON: run_python_job(job)
  File "/Users/rahulbalakrishnan/Desktop/throttlebot/src/spearmint/spearmint/runner.py", line 142, in run_python_job
    result = module.main(job.id, params)
  File "/Users/rahulbalakrishnan/Desktop/throttlebot/src/spearmint/bayOptSearch/bayOpt.py", line 104, in main
    return explore_spearmint(workload_config, params)
  File "/Users/rahulbalakrishnan/Desktop/throttlebot/src/spearmint/bayOptSearch/bayOpt.py", line 162, in explore_spearmint
    return 1/0
ZeroDivisionError: integer division or modulo by zero
None
----------------------------------------
Job file reloaded.
Could not find value in output file.
Job failed in 6.22 seconds.
