Running in wrapper mode for '3'

Running python job.

[name: "CPU-QUOTA"
int_val: 69
int_val: 80
int_val: 99
, name: "DISK"
int_val: 28
int_val: 22
int_val: 45
, name: "MEMORY"
int_val: 45
int_val: 15
int_val: 16
, name: "NET"
int_val: 22
int_val: 20
int_val: 31
]
The paramters are {u'CPU-QUOTA': array([69, 80, 99]), u'NET': array([22, 20, 31]), u'DISK': array([28, 22, 45]), u'MEMORY': array([45, 15, 16])}
{'54.183.145.77': ['node-app'], '54.215.222.76': ['haproxy', 'mongo']}
Sum for CPU-QUOTA is 278, which exceeds 200
----------------------------------------
Problem running the job:
(<type 'exceptions.ZeroDivisionError'>, ZeroDivisionError('integer division or modulo by zero',), <traceback object at 0x11d0e8050>)
Traceback (most recent call last):
  File "/Users/rahulbalakrishnan/Desktop/throttlebot/src/spearmint/spearmint/runner.py", line 42, in job_runner
    elif job.language == PYTHON: run_python_job(job)
  File "/Users/rahulbalakrishnan/Desktop/throttlebot/src/spearmint/spearmint/runner.py", line 142, in run_python_job
    result = module.main(job.id, params)
  File "/Users/rahulbalakrishnan/Desktop/throttlebot/src/spearmint/bayOptSearch/bayOpt.py", line 104, in main
    return explore_spearmint(workload_config, params)
  File "/Users/rahulbalakrishnan/Desktop/throttlebot/src/spearmint/bayOptSearch/bayOpt.py", line 162, in explore_spearmint
    return 1/0
ZeroDivisionError: integer division or modulo by zero
None
----------------------------------------
Job file reloaded.
Could not find value in output file.
Job failed in 6.20 seconds.
