Running in wrapper mode for '20024'

Running python job.

[name: "CPU-QUOTA"
int_val: 50
int_val: 56
int_val: 61
, name: "DISK"
int_val: 12
int_val: 44
int_val: 44
, name: "MEMORY"
int_val: 40
int_val: 13
int_val: 27
, name: "NET"
int_val: 47
int_val: 31
int_val: 23
]
The paramters are {u'CPU-QUOTA': array([50, 56, 61]), u'NET': array([47, 31, 23]), u'DISK': array([12, 44, 44]), u'MEMORY': array([40, 13, 27])}
{'54.183.145.77': ['node-app'], '54.215.222.76': ['haproxy', 'mongo']}
Sum for DISK is 132, which exceeds 120
----------------------------------------
Problem running the job:
(<type 'exceptions.ZeroDivisionError'>, ZeroDivisionError('integer division or modulo by zero',), <traceback object at 0x11bbe2c68>)
Traceback (most recent call last):
  File "/Users/rahulbalakrishnan/Desktop/throttlebot/src/spearmint/spearmint/runner.py", line 42, in job_runner
    elif job.language == PYTHON: run_python_job(job)
  File "/Users/rahulbalakrishnan/Desktop/throttlebot/src/spearmint/spearmint/runner.py", line 142, in run_python_job
    result = module.main(job.id, params)
  File "/Users/rahulbalakrishnan/Desktop/throttlebot/src/spearmint/bayOptSearch/bayOpt.py", line 104, in main
    return explore_spearmint(workload_config, params)
  File "/Users/rahulbalakrishnan/Desktop/throttlebot/src/spearmint/bayOptSearch/bayOpt.py", line 162, in explore_spearmint
    return 1/0
ZeroDivisionError: integer division or modulo by zero
None
----------------------------------------
Job file reloaded.
Could not find value in output file.
Job failed in 4.58 seconds.
