Running in wrapper mode for '26'

Running python job.

[name: "CPU-QUOTA"
int_val: 79
int_val: 73
int_val: 75
int_val: 23
int_val: 93
int_val: 31
int_val: 23
, name: "DISK"
int_val: 54
int_val: 69
int_val: 68
int_val: 23
int_val: 12
int_val: 67
int_val: 34
, name: "MEMORY"
int_val: 43
int_val: 67
int_val: 29
int_val: 15
int_val: 64
int_val: 29
int_val: 47
, name: "NET"
int_val: 28
int_val: 35
int_val: 35
int_val: 69
int_val: 59
int_val: 66
int_val: 40
]
The paramters are {u'CPU-QUOTA': array([79, 73, 75, 23, 93, 31, 23]), u'NET': array([28, 35, 35, 69, 59, 66, 40]), u'DISK': array([54, 69, 68, 23, 12, 67, 34]), u'MEMORY': array([43, 67, 29, 15, 64, 29, 47])}
{'13.57.236.233': ['postgres', 'kibana'], '52.53.237.168': ['node-apt-app', 'kibana'], '13.57.232.190': ['elasticsearch', 'mysql'], '13.56.13.241': ['node-apt-app', 'logstash'], '13.57.58.49': ['haproxy', 'kibana'], '54.153.85.122': ['node-apt-app', 'kibana']}
Sum for DISK is 123, which exceeds 120
----------------------------------------
Problem running the job:
(<type 'exceptions.ZeroDivisionError'>, ZeroDivisionError('integer division or modulo by zero',), <traceback object at 0x11583bea8>)
Traceback (most recent call last):
  File "/Users/rahulbalakrishnan/Desktop/throttlebot/src/spearmint/spearmint/runner.py", line 42, in job_runner
    elif job.language == PYTHON: run_python_job(job)
  File "/Users/rahulbalakrishnan/Desktop/throttlebot/src/spearmint/spearmint/runner.py", line 142, in run_python_job
    result = module.main(job.id, params)
  File "/Users/rahulbalakrishnan/Desktop/throttlebot/src/spearmint/bayOptSearch/bayOpt.py", line 104, in main
    return explore_spearmint(workload_config, params)
  File "/Users/rahulbalakrishnan/Desktop/throttlebot/src/spearmint/bayOptSearch/bayOpt.py", line 162, in explore_spearmint
    return 1/0
ZeroDivisionError: integer division or modulo by zero
None
----------------------------------------
Job file reloaded.
Could not find value in output file.
Job failed in 12.96 seconds.
