Running in wrapper mode for '25'

Running python job.

[name: "CPU-QUOTA"
int_val: 33
int_val: 27
int_val: 29
int_val: 69
int_val: 47
int_val: 77
int_val: 68
, name: "DISK"
int_val: 24
int_val: 39
int_val: 38
int_val: 53
int_val: 42
int_val: 37
int_val: 65
, name: "MEMORY"
int_val: 12
int_val: 37
int_val: 59
int_val: 45
int_val: 34
int_val: 59
int_val: 17
, name: "NET"
int_val: 58
int_val: 66
int_val: 66
int_val: 39
int_val: 29
int_val: 36
int_val: 10
]
The paramters are {u'CPU-QUOTA': array([33, 27, 29, 69, 47, 77, 68]), u'NET': array([58, 66, 66, 39, 29, 36, 10]), u'DISK': array([24, 39, 38, 53, 42, 37, 65]), u'MEMORY': array([12, 37, 59, 45, 34, 59, 17])}
{'13.57.236.233': ['postgres', 'kibana'], '52.53.237.168': ['node-apt-app', 'kibana'], '13.57.232.190': ['elasticsearch', 'mysql'], '13.56.13.241': ['node-apt-app', 'logstash'], '13.57.58.49': ['haproxy', 'kibana'], '54.153.85.122': ['node-apt-app', 'kibana']}
Sum for NET is 124, which exceeds 120
----------------------------------------
Problem running the job:
(<type 'exceptions.ZeroDivisionError'>, ZeroDivisionError('integer division or modulo by zero',), <traceback object at 0x1157e9a28>)
Traceback (most recent call last):
  File "/Users/rahulbalakrishnan/Desktop/throttlebot/src/spearmint/spearmint/runner.py", line 42, in job_runner
    elif job.language == PYTHON: run_python_job(job)
  File "/Users/rahulbalakrishnan/Desktop/throttlebot/src/spearmint/spearmint/runner.py", line 142, in run_python_job
    result = module.main(job.id, params)
  File "/Users/rahulbalakrishnan/Desktop/throttlebot/src/spearmint/bayOptSearch/bayOpt.py", line 104, in main
    return explore_spearmint(workload_config, params)
  File "/Users/rahulbalakrishnan/Desktop/throttlebot/src/spearmint/bayOptSearch/bayOpt.py", line 162, in explore_spearmint
    return 1/0
ZeroDivisionError: integer division or modulo by zero
None
----------------------------------------
Job file reloaded.
Could not find value in output file.
Job failed in 8.19 seconds.
