Running in wrapper mode for '28'

Running python job.

[name: "CPU-QUOTA"
int_val: 10
int_val: 96
int_val: 52
int_val: 46
int_val: 24
int_val: 54
int_val: 91
, name: "DISK"
int_val: 70
int_val: 54
int_val: 23
int_val: 38
int_val: 57
int_val: 52
int_val: 50
, name: "MEMORY"
int_val: 58
int_val: 21
int_val: 44
int_val: 30
int_val: 19
int_val: 13
int_val: 32
, name: "NET"
int_val: 12
int_val: 51
int_val: 20
int_val: 54
int_val: 14
int_val: 20
int_val: 25
]
The paramters are {u'CPU-QUOTA': array([10, 96, 52, 46, 24, 54, 91]), u'NET': array([12, 51, 20, 54, 14, 20, 25]), u'DISK': array([70, 54, 23, 38, 57, 52, 50]), u'MEMORY': array([58, 21, 44, 30, 19, 13, 32])}
{'13.57.236.233': ['postgres', 'kibana'], '52.53.237.168': ['node-apt-app', 'kibana'], '13.57.232.190': ['elasticsearch', 'mysql'], '13.56.13.241': ['node-apt-app', 'logstash'], '13.57.58.49': ['haproxy', 'kibana'], '54.153.85.122': ['node-apt-app', 'kibana']}
Sum for DISK is 124, which exceeds 120
----------------------------------------
Problem running the job:
(<type 'exceptions.ZeroDivisionError'>, ZeroDivisionError('integer division or modulo by zero',), <traceback object at 0x11583d170>)
Traceback (most recent call last):
  File "/Users/rahulbalakrishnan/Desktop/throttlebot/src/spearmint/spearmint/runner.py", line 42, in job_runner
    elif job.language == PYTHON: run_python_job(job)
  File "/Users/rahulbalakrishnan/Desktop/throttlebot/src/spearmint/spearmint/runner.py", line 142, in run_python_job
    result = module.main(job.id, params)
  File "/Users/rahulbalakrishnan/Desktop/throttlebot/src/spearmint/bayOptSearch/bayOpt.py", line 104, in main
    return explore_spearmint(workload_config, params)
  File "/Users/rahulbalakrishnan/Desktop/throttlebot/src/spearmint/bayOptSearch/bayOpt.py", line 162, in explore_spearmint
    return 1/0
ZeroDivisionError: integer division or modulo by zero
None
----------------------------------------
Job file reloaded.
Could not find value in output file.
Job failed in 12.98 seconds.
