Running in wrapper mode for '2'

Running python job.

[name: "CPU-QUOTA"
int_val: 93
int_val: 64
int_val: 32
int_val: 100
int_val: 27
int_val: 40
int_val: 77
, name: "DISK"
int_val: 45
int_val: 10
int_val: 44
int_val: 63
int_val: 10
int_val: 54
int_val: 67
, name: "MEMORY"
int_val: 37
int_val: 58
int_val: 38
int_val: 43
int_val: 51
int_val: 69
int_val: 22
, name: "NET"
int_val: 64
int_val: 33
int_val: 30
int_val: 63
int_val: 19
int_val: 64
int_val: 31
]
The paramters are {u'CPU-QUOTA': array([ 93,  64,  32, 100,  27,  40,  77]), u'NET': array([64, 33, 30, 63, 19, 64, 31]), u'DISK': array([45, 10, 44, 63, 10, 54, 67]), u'MEMORY': array([37, 58, 38, 43, 51, 69, 22])}
{'13.57.236.233': ['postgres', 'kibana'], '52.53.237.168': ['node-apt-app', 'kibana'], '13.57.232.190': ['elasticsearch', 'mysql'], '13.56.13.241': ['node-apt-app', 'logstash'], '13.57.58.49': ['haproxy', 'kibana'], '54.153.85.122': ['node-apt-app', 'kibana']}
Sum for NET is 127, which exceeds 120
----------------------------------------
Problem running the job:
(<type 'exceptions.ZeroDivisionError'>, ZeroDivisionError('integer division or modulo by zero',), <traceback object at 0x1157f1f38>)
Traceback (most recent call last):
  File "/Users/rahulbalakrishnan/Desktop/throttlebot/src/spearmint/spearmint/runner.py", line 42, in job_runner
    elif job.language == PYTHON: run_python_job(job)
  File "/Users/rahulbalakrishnan/Desktop/throttlebot/src/spearmint/spearmint/runner.py", line 142, in run_python_job
    result = module.main(job.id, params)
  File "/Users/rahulbalakrishnan/Desktop/throttlebot/src/spearmint/bayOptSearch/bayOpt.py", line 104, in main
    return explore_spearmint(workload_config, params)
  File "/Users/rahulbalakrishnan/Desktop/throttlebot/src/spearmint/bayOptSearch/bayOpt.py", line 162, in explore_spearmint
    return 1/0
ZeroDivisionError: integer division or modulo by zero
None
----------------------------------------
Job file reloaded.
Could not find value in output file.
Job failed in 9.19 seconds.
