Running in wrapper mode for '5'

Running python job.

[name: "CPU-QUOTA"
int_val: 30
int_val: 25
int_val: 38
int_val: 94
int_val: 78
int_val: 11
int_val: 14
, name: "DISK"
int_val: 26
int_val: 45
int_val: 70
int_val: 52
int_val: 67
int_val: 43
int_val: 48
, name: "MEMORY"
int_val: 33
int_val: 62
int_val: 34
int_val: 39
int_val: 32
int_val: 27
int_val: 49
, name: "NET"
int_val: 45
int_val: 30
int_val: 33
int_val: 21
int_val: 23
int_val: 53
int_val: 42
]
The paramters are {u'CPU-QUOTA': array([30, 25, 38, 94, 78, 11, 14]), u'NET': array([45, 30, 33, 21, 23, 53, 42]), u'DISK': array([26, 45, 70, 52, 67, 43, 48]), u'MEMORY': array([33, 62, 34, 39, 32, 27, 49])}
{'13.57.236.233': ['postgres', 'kibana'], '52.53.237.168': ['node-apt-app', 'kibana'], '13.57.232.190': ['elasticsearch', 'mysql'], '13.56.13.241': ['node-apt-app', 'logstash'], '13.57.58.49': ['haproxy', 'kibana'], '54.153.85.122': ['node-apt-app', 'kibana']}
Sum for DISK is 137, which exceeds 120
----------------------------------------
Problem running the job:
(<type 'exceptions.ZeroDivisionError'>, ZeroDivisionError('integer division or modulo by zero',), <traceback object at 0x11583d7e8>)
Traceback (most recent call last):
  File "/Users/rahulbalakrishnan/Desktop/throttlebot/src/spearmint/spearmint/runner.py", line 42, in job_runner
    elif job.language == PYTHON: run_python_job(job)
  File "/Users/rahulbalakrishnan/Desktop/throttlebot/src/spearmint/spearmint/runner.py", line 142, in run_python_job
    result = module.main(job.id, params)
  File "/Users/rahulbalakrishnan/Desktop/throttlebot/src/spearmint/bayOptSearch/bayOpt.py", line 104, in main
    return explore_spearmint(workload_config, params)
  File "/Users/rahulbalakrishnan/Desktop/throttlebot/src/spearmint/bayOptSearch/bayOpt.py", line 162, in explore_spearmint
    return 1/0
ZeroDivisionError: integer division or modulo by zero
None
----------------------------------------
Job file reloaded.
Could not find value in output file.
Job failed in 12.82 seconds.
