Running in wrapper mode for '34'

Running python job.

[name: "CPU-QUOTA"
int_val: 90
int_val: 94
int_val: 18
int_val: 40
int_val: 79
int_val: 34
int_val: 92
, name: "DISK"
int_val: 68
int_val: 14
int_val: 28
int_val: 66
int_val: 42
int_val: 10
int_val: 19
, name: "MEMORY"
int_val: 21
int_val: 68
int_val: 28
int_val: 50
int_val: 13
int_val: 21
int_val: 70
, name: "NET"
int_val: 47
int_val: 64
int_val: 32
int_val: 22
int_val: 61
int_val: 48
int_val: 37
]
The paramters are {u'CPU-QUOTA': array([90, 94, 18, 40, 79, 34, 92]), u'NET': array([47, 64, 32, 22, 61, 48, 37]), u'DISK': array([68, 14, 28, 66, 42, 10, 19]), u'MEMORY': array([21, 68, 28, 50, 13, 21, 70])}
{'13.57.236.233': ['postgres', 'kibana'], '52.53.237.168': ['node-apt-app', 'kibana'], '13.57.232.190': ['elasticsearch', 'mysql'], '13.56.13.241': ['node-apt-app', 'logstash'], '13.57.58.49': ['haproxy', 'kibana'], '54.153.85.122': ['node-apt-app', 'kibana']}
Sum for DISK is 134, which exceeds 120
----------------------------------------
Problem running the job:
(<type 'exceptions.ZeroDivisionError'>, ZeroDivisionError('integer division or modulo by zero',), <traceback object at 0x11585c8c0>)
Traceback (most recent call last):
  File "/Users/rahulbalakrishnan/Desktop/throttlebot/src/spearmint/spearmint/runner.py", line 42, in job_runner
    elif job.language == PYTHON: run_python_job(job)
  File "/Users/rahulbalakrishnan/Desktop/throttlebot/src/spearmint/spearmint/runner.py", line 142, in run_python_job
    result = module.main(job.id, params)
  File "/Users/rahulbalakrishnan/Desktop/throttlebot/src/spearmint/bayOptSearch/bayOpt.py", line 104, in main
    return explore_spearmint(workload_config, params)
  File "/Users/rahulbalakrishnan/Desktop/throttlebot/src/spearmint/bayOptSearch/bayOpt.py", line 162, in explore_spearmint
    return 1/0
ZeroDivisionError: integer division or modulo by zero
None
----------------------------------------
Job file reloaded.
Could not find value in output file.
Job failed in 13.02 seconds.
