Running in wrapper mode for '14'

Running python job.

[name: "CPU-QUOTA"
int_val: 62
int_val: 56
int_val: 35
int_val: 74
int_val: 64
int_val: 94
int_val: 17
, name: "DISK"
int_val: 66
int_val: 66
int_val: 11
int_val: 65
int_val: 38
int_val: 26
int_val: 53
, name: "MEMORY"
int_val: 16
int_val: 33
int_val: 55
int_val: 34
int_val: 45
int_val: 33
int_val: 43
, name: "NET"
int_val: 54
int_val: 62
int_val: 62
int_val: 50
int_val: 25
int_val: 24
int_val: 59
]
The paramters are {u'CPU-QUOTA': array([62, 56, 35, 74, 64, 94, 17]), u'NET': array([54, 62, 62, 50, 25, 24, 59]), u'DISK': array([66, 66, 11, 65, 38, 26, 53]), u'MEMORY': array([16, 33, 55, 34, 45, 33, 43])}
{'13.57.236.233': ['postgres', 'kibana'], '52.53.237.168': ['node-apt-app', 'kibana'], '13.57.232.190': ['elasticsearch', 'mysql'], '13.56.13.241': ['node-apt-app', 'logstash'], '13.57.58.49': ['haproxy', 'kibana'], '54.153.85.122': ['node-apt-app', 'kibana']}
Sum for NET is 121, which exceeds 120
----------------------------------------
Problem running the job:
(<type 'exceptions.ZeroDivisionError'>, ZeroDivisionError('integer division or modulo by zero',), <traceback object at 0x1157d4b90>)
Traceback (most recent call last):
  File "/Users/rahulbalakrishnan/Desktop/throttlebot/src/spearmint/spearmint/runner.py", line 42, in job_runner
    elif job.language == PYTHON: run_python_job(job)
  File "/Users/rahulbalakrishnan/Desktop/throttlebot/src/spearmint/spearmint/runner.py", line 142, in run_python_job
    result = module.main(job.id, params)
  File "/Users/rahulbalakrishnan/Desktop/throttlebot/src/spearmint/bayOptSearch/bayOpt.py", line 104, in main
    return explore_spearmint(workload_config, params)
  File "/Users/rahulbalakrishnan/Desktop/throttlebot/src/spearmint/bayOptSearch/bayOpt.py", line 162, in explore_spearmint
    return 1/0
ZeroDivisionError: integer division or modulo by zero
None
----------------------------------------
Job file reloaded.
Could not find value in output file.
Job failed in 6.47 seconds.
