Running in wrapper mode for '12'

Running python job.

[name: "CPU-QUOTA"
int_val: 19
int_val: 59
int_val: 72
int_val: 15
int_val: 44
int_val: 23
int_val: 48
, name: "DISK"
int_val: 18
int_val: 37
int_val: 32
int_val: 13
int_val: 14
int_val: 35
int_val: 40
, name: "MEMORY"
int_val: 10
int_val: 54
int_val: 42
int_val: 62
int_val: 40
int_val: 34
int_val: 11
, name: "NET"
int_val: 68
int_val: 53
int_val: 26
int_val: 60
int_val: 46
int_val: 45
int_val: 65
]
The paramters are {u'CPU-QUOTA': array([19, 59, 72, 15, 44, 23, 48]), u'NET': array([68, 53, 26, 60, 46, 45, 65]), u'DISK': array([18, 37, 32, 13, 14, 35, 40]), u'MEMORY': array([10, 54, 42, 62, 40, 34, 11])}
{'13.57.236.233': ['postgres', 'kibana'], '52.53.237.168': ['node-apt-app', 'kibana'], '13.57.232.190': ['elasticsearch', 'mysql'], '13.56.13.241': ['node-apt-app', 'logstash'], '13.57.58.49': ['haproxy', 'kibana'], '54.153.85.122': ['node-apt-app', 'kibana']}
Sum for NET is 121, which exceeds 120
----------------------------------------
Problem running the job:
(<type 'exceptions.ZeroDivisionError'>, ZeroDivisionError('integer division or modulo by zero',), <traceback object at 0x1157e0b48>)
Traceback (most recent call last):
  File "/Users/rahulbalakrishnan/Desktop/throttlebot/src/spearmint/spearmint/runner.py", line 42, in job_runner
    elif job.language == PYTHON: run_python_job(job)
  File "/Users/rahulbalakrishnan/Desktop/throttlebot/src/spearmint/spearmint/runner.py", line 142, in run_python_job
    result = module.main(job.id, params)
  File "/Users/rahulbalakrishnan/Desktop/throttlebot/src/spearmint/bayOptSearch/bayOpt.py", line 104, in main
    return explore_spearmint(workload_config, params)
  File "/Users/rahulbalakrishnan/Desktop/throttlebot/src/spearmint/bayOptSearch/bayOpt.py", line 162, in explore_spearmint
    return 1/0
ZeroDivisionError: integer division or modulo by zero
None
----------------------------------------
Job file reloaded.
Could not find value in output file.
Job failed in 7.28 seconds.
