Running in wrapper mode for '11'

Running python job.

[name: "CPU-QUOTA"
int_val: 64
int_val: 13
int_val: 26
int_val: 60
int_val: 90
int_val: 68
int_val: 94
, name: "DISK"
int_val: 49
int_val: 67
int_val: 63
int_val: 44
int_val: 44
int_val: 66
int_val: 10
, name: "MEMORY"
int_val: 41
int_val: 23
int_val: 12
int_val: 32
int_val: 70
int_val: 65
int_val: 41
, name: "NET"
int_val: 37
int_val: 22
int_val: 56
int_val: 29
int_val: 16
int_val: 15
int_val: 35
]
The paramters are {u'CPU-QUOTA': array([64, 13, 26, 60, 90, 68, 94]), u'NET': array([37, 22, 56, 29, 16, 15, 35]), u'DISK': array([49, 67, 63, 44, 44, 66, 10]), u'MEMORY': array([41, 23, 12, 32, 70, 65, 41])}
{'13.57.236.233': ['postgres', 'kibana'], '52.53.237.168': ['node-apt-app', 'kibana'], '13.57.232.190': ['elasticsearch', 'mysql'], '13.56.13.241': ['node-apt-app', 'logstash'], '13.57.58.49': ['haproxy', 'kibana'], '54.153.85.122': ['node-apt-app', 'kibana']}
Sum for DISK is 133, which exceeds 120
----------------------------------------
Problem running the job:
(<type 'exceptions.ZeroDivisionError'>, ZeroDivisionError('integer division or modulo by zero',), <traceback object at 0x115856e60>)
Traceback (most recent call last):
  File "/Users/rahulbalakrishnan/Desktop/throttlebot/src/spearmint/spearmint/runner.py", line 42, in job_runner
    elif job.language == PYTHON: run_python_job(job)
  File "/Users/rahulbalakrishnan/Desktop/throttlebot/src/spearmint/spearmint/runner.py", line 142, in run_python_job
    result = module.main(job.id, params)
  File "/Users/rahulbalakrishnan/Desktop/throttlebot/src/spearmint/bayOptSearch/bayOpt.py", line 104, in main
    return explore_spearmint(workload_config, params)
  File "/Users/rahulbalakrishnan/Desktop/throttlebot/src/spearmint/bayOptSearch/bayOpt.py", line 162, in explore_spearmint
    return 1/0
ZeroDivisionError: integer division or modulo by zero
None
----------------------------------------
Job file reloaded.
Could not find value in output file.
Job failed in 14.18 seconds.
