Running in wrapper mode for '32'

Running python job.

[name: "CPU-QUOTA"
int_val: 34
int_val: 82
int_val: 52
int_val: 29
int_val: 91
int_val: 91
int_val: 12
, name: "DISK"
int_val: 15
int_val: 37
int_val: 36
int_val: 58
int_val: 65
int_val: 32
int_val: 42
, name: "MEMORY"
int_val: 59
int_val: 15
int_val: 21
int_val: 42
int_val: 51
int_val: 44
int_val: 62
, name: "NET"
int_val: 39
int_val: 41
int_val: 70
int_val: 30
int_val: 69
int_val: 10
int_val: 45
]
The paramters are {u'CPU-QUOTA': array([34, 82, 52, 29, 91, 91, 12]), u'NET': array([39, 41, 70, 30, 69, 10, 45]), u'DISK': array([15, 37, 36, 58, 65, 32, 42]), u'MEMORY': array([59, 15, 21, 42, 51, 44, 62])}
{'13.57.236.233': ['postgres', 'kibana'], '52.53.237.168': ['node-apt-app', 'kibana'], '13.57.232.190': ['elasticsearch', 'mysql'], '13.56.13.241': ['node-apt-app', 'logstash'], '13.57.58.49': ['haproxy', 'kibana'], '54.153.85.122': ['node-apt-app', 'kibana']}
Sum for NET is 139, which exceeds 120
----------------------------------------
Problem running the job:
(<type 'exceptions.ZeroDivisionError'>, ZeroDivisionError('integer division or modulo by zero',), <traceback object at 0x1157fc200>)
Traceback (most recent call last):
  File "/Users/rahulbalakrishnan/Desktop/throttlebot/src/spearmint/spearmint/runner.py", line 42, in job_runner
    elif job.language == PYTHON: run_python_job(job)
  File "/Users/rahulbalakrishnan/Desktop/throttlebot/src/spearmint/spearmint/runner.py", line 142, in run_python_job
    result = module.main(job.id, params)
  File "/Users/rahulbalakrishnan/Desktop/throttlebot/src/spearmint/bayOptSearch/bayOpt.py", line 104, in main
    return explore_spearmint(workload_config, params)
  File "/Users/rahulbalakrishnan/Desktop/throttlebot/src/spearmint/bayOptSearch/bayOpt.py", line 162, in explore_spearmint
    return 1/0
ZeroDivisionError: integer division or modulo by zero
None
----------------------------------------
Job file reloaded.
Could not find value in output file.
Job failed in 9.40 seconds.
