Running in wrapper mode for '16'

Running python job.

[name: "CPU-QUOTA"
int_val: 39
int_val: 79
int_val: 58
int_val: 97
int_val: 41
int_val: 71
int_val: 85
, name: "DISK"
int_val: 51
int_val: 50
int_val: 57
int_val: 50
int_val: 54
int_val: 10
int_val: 38
, name: "MEMORY"
int_val: 31
int_val: 48
int_val: 10
int_val: 18
int_val: 30
int_val: 17
int_val: 28
, name: "NET"
int_val: 70
int_val: 16
int_val: 47
int_val: 65
int_val: 40
int_val: 70
int_val: 14
]
The paramters are {u'CPU-QUOTA': array([39, 79, 58, 97, 41, 71, 85]), u'NET': array([70, 16, 47, 65, 40, 70, 14]), u'DISK': array([51, 50, 57, 50, 54, 10, 38]), u'MEMORY': array([31, 48, 10, 18, 30, 17, 28])}
{'13.57.236.233': ['postgres', 'kibana'], '52.53.237.168': ['node-apt-app', 'kibana'], '13.57.232.190': ['elasticsearch', 'mysql'], '13.56.13.241': ['node-apt-app', 'logstash'], '13.57.58.49': ['haproxy', 'kibana'], '54.153.85.122': ['node-apt-app', 'kibana']}
Sum for NET is 135, which exceeds 120
----------------------------------------
Problem running the job:
(<type 'exceptions.ZeroDivisionError'>, ZeroDivisionError('integer division or modulo by zero',), <traceback object at 0x1157faea8>)
Traceback (most recent call last):
  File "/Users/rahulbalakrishnan/Desktop/throttlebot/src/spearmint/spearmint/runner.py", line 42, in job_runner
    elif job.language == PYTHON: run_python_job(job)
  File "/Users/rahulbalakrishnan/Desktop/throttlebot/src/spearmint/spearmint/runner.py", line 142, in run_python_job
    result = module.main(job.id, params)
  File "/Users/rahulbalakrishnan/Desktop/throttlebot/src/spearmint/bayOptSearch/bayOpt.py", line 104, in main
    return explore_spearmint(workload_config, params)
  File "/Users/rahulbalakrishnan/Desktop/throttlebot/src/spearmint/bayOptSearch/bayOpt.py", line 162, in explore_spearmint
    return 1/0
ZeroDivisionError: integer division or modulo by zero
None
----------------------------------------
Job file reloaded.
Could not find value in output file.
Job failed in 9.48 seconds.
