Running in wrapper mode for '24'

Running python job.

[name: "CPU-QUOTA"
int_val: 45
int_val: 62
int_val: 86
int_val: 35
int_val: 81
int_val: 65
int_val: 80
, name: "DISK"
int_val: 32
int_val: 47
int_val: 61
int_val: 15
int_val: 35
int_val: 45
int_val: 57
, name: "MEMORY"
int_val: 35
int_val: 14
int_val: 21
int_val: 22
int_val: 26
int_val: 67
int_val: 55
, name: "NET"
int_val: 51
int_val: 12
int_val: 58
int_val: 46
int_val: 67
int_val: 28
int_val: 33
]
The paramters are {u'CPU-QUOTA': array([45, 62, 86, 35, 81, 65, 80]), u'NET': array([51, 12, 58, 46, 67, 28, 33]), u'DISK': array([32, 47, 61, 15, 35, 45, 57]), u'MEMORY': array([35, 14, 21, 22, 26, 67, 55])}
{'13.57.236.233': ['postgres', 'kibana'], '52.53.237.168': ['node-apt-app', 'kibana'], '13.57.232.190': ['elasticsearch', 'mysql'], '13.56.13.241': ['node-apt-app', 'logstash'], '13.57.58.49': ['haproxy', 'kibana'], '54.153.85.122': ['node-apt-app', 'kibana']}
Sum for NET is 125, which exceeds 120
----------------------------------------
Problem running the job:
(<type 'exceptions.ZeroDivisionError'>, ZeroDivisionError('integer division or modulo by zero',), <traceback object at 0x1157f57e8>)
Traceback (most recent call last):
  File "/Users/rahulbalakrishnan/Desktop/throttlebot/src/spearmint/spearmint/runner.py", line 42, in job_runner
    elif job.language == PYTHON: run_python_job(job)
  File "/Users/rahulbalakrishnan/Desktop/throttlebot/src/spearmint/spearmint/runner.py", line 142, in run_python_job
    result = module.main(job.id, params)
  File "/Users/rahulbalakrishnan/Desktop/throttlebot/src/spearmint/bayOptSearch/bayOpt.py", line 104, in main
    return explore_spearmint(workload_config, params)
  File "/Users/rahulbalakrishnan/Desktop/throttlebot/src/spearmint/bayOptSearch/bayOpt.py", line 162, in explore_spearmint
    return 1/0
ZeroDivisionError: integer division or modulo by zero
None
----------------------------------------
Job file reloaded.
Could not find value in output file.
Job failed in 8.79 seconds.
