Running in wrapper mode for '31'

Running python job.

[name: "CPU-QUOTA"
int_val: 79
int_val: 37
int_val: 98
int_val: 74
int_val: 45
int_val: 46
int_val: 58
, name: "DISK"
int_val: 46
int_val: 67
int_val: 66
int_val: 27
int_val: 34
int_val: 63
int_val: 12
, name: "MEMORY"
int_val: 28
int_val: 46
int_val: 51
int_val: 12
int_val: 20
int_val: 14
int_val: 32
, name: "NET"
int_val: 70
int_val: 11
int_val: 39
int_val: 60
int_val: 38
int_val: 40
int_val: 14
]
The paramters are {u'CPU-QUOTA': array([79, 37, 98, 74, 45, 46, 58]), u'NET': array([70, 11, 39, 60, 38, 40, 14]), u'DISK': array([46, 67, 66, 27, 34, 63, 12]), u'MEMORY': array([28, 46, 51, 12, 20, 14, 32])}
{'13.57.236.233': ['postgres', 'kibana'], '52.53.237.168': ['node-apt-app', 'kibana'], '13.57.232.190': ['elasticsearch', 'mysql'], '13.56.13.241': ['node-apt-app', 'logstash'], '13.57.58.49': ['haproxy', 'kibana'], '54.153.85.122': ['node-apt-app', 'kibana']}
Sum for NET is 130, which exceeds 120
----------------------------------------
Problem running the job:
(<type 'exceptions.ZeroDivisionError'>, ZeroDivisionError('integer division or modulo by zero',), <traceback object at 0x11580a1b8>)
Traceback (most recent call last):
  File "/Users/rahulbalakrishnan/Desktop/throttlebot/src/spearmint/spearmint/runner.py", line 42, in job_runner
    elif job.language == PYTHON: run_python_job(job)
  File "/Users/rahulbalakrishnan/Desktop/throttlebot/src/spearmint/spearmint/runner.py", line 142, in run_python_job
    result = module.main(job.id, params)
  File "/Users/rahulbalakrishnan/Desktop/throttlebot/src/spearmint/bayOptSearch/bayOpt.py", line 104, in main
    return explore_spearmint(workload_config, params)
  File "/Users/rahulbalakrishnan/Desktop/throttlebot/src/spearmint/bayOptSearch/bayOpt.py", line 162, in explore_spearmint
    return 1/0
ZeroDivisionError: integer division or modulo by zero
None
----------------------------------------
Job file reloaded.
Could not find value in output file.
Job failed in 9.32 seconds.
