Running in wrapper mode for '22'

Running python job.

[name: "CPU-QUOTA"
int_val: 67
int_val: 84
int_val: 18
int_val: 12
int_val: 13
int_val: 88
int_val: 11
, name: "DISK"
int_val: 16
int_val: 62
int_val: 15
int_val: 31
int_val: 50
int_val: 60
int_val: 11
, name: "MEMORY"
int_val: 20
int_val: 60
int_val: 67
int_val: 38
int_val: 42
int_val: 52
int_val: 40
, name: "NET"
int_val: 66
int_val: 58
int_val: 43
int_val: 61
int_val: 21
int_val: 43
int_val: 48
]
The paramters are {u'CPU-QUOTA': array([67, 84, 18, 12, 13, 88, 11]), u'NET': array([66, 58, 43, 61, 21, 43, 48]), u'DISK': array([16, 62, 15, 31, 50, 60, 11]), u'MEMORY': array([20, 60, 67, 38, 42, 52, 40])}
{'13.57.236.233': ['postgres', 'kibana'], '52.53.237.168': ['node-apt-app', 'kibana'], '13.57.232.190': ['elasticsearch', 'mysql'], '13.56.13.241': ['node-apt-app', 'logstash'], '13.57.58.49': ['haproxy', 'kibana'], '54.153.85.122': ['node-apt-app', 'kibana']}
Sum for NET is 124, which exceeds 120
----------------------------------------
Problem running the job:
(<type 'exceptions.ZeroDivisionError'>, ZeroDivisionError('integer division or modulo by zero',), <traceback object at 0x1157e9710>)
Traceback (most recent call last):
  File "/Users/rahulbalakrishnan/Desktop/throttlebot/src/spearmint/spearmint/runner.py", line 42, in job_runner
    elif job.language == PYTHON: run_python_job(job)
  File "/Users/rahulbalakrishnan/Desktop/throttlebot/src/spearmint/spearmint/runner.py", line 142, in run_python_job
    result = module.main(job.id, params)
  File "/Users/rahulbalakrishnan/Desktop/throttlebot/src/spearmint/bayOptSearch/bayOpt.py", line 104, in main
    return explore_spearmint(workload_config, params)
  File "/Users/rahulbalakrishnan/Desktop/throttlebot/src/spearmint/bayOptSearch/bayOpt.py", line 162, in explore_spearmint
    return 1/0
ZeroDivisionError: integer division or modulo by zero
None
----------------------------------------
Job file reloaded.
Could not find value in output file.
Job failed in 7.85 seconds.
