Running in wrapper mode for '18'

Running python job.

[name: "CPU-QUOTA"
int_val: 96
int_val: 90
int_val: 92
int_val: 63
int_val: 53
int_val: 14
int_val: 28
, name: "DISK"
int_val: 28
int_val: 58
int_val: 65
int_val: 42
int_val: 61
int_val: 33
int_val: 61
, name: "MEMORY"
int_val: 54
int_val: 25
int_val: 33
int_val: 11
int_val: 68
int_val: 40
int_val: 36
, name: "NET"
int_val: 16
int_val: 39
int_val: 24
int_val: 42
int_val: 48
int_val: 32
int_val: 67
]
The paramters are {u'CPU-QUOTA': array([96, 90, 92, 63, 53, 14, 28]), u'NET': array([16, 39, 24, 42, 48, 32, 67]), u'DISK': array([28, 58, 65, 42, 61, 33, 61]), u'MEMORY': array([54, 25, 33, 11, 68, 40, 36])}
{'13.57.236.233': ['postgres', 'kibana'], '52.53.237.168': ['node-apt-app', 'kibana'], '13.57.232.190': ['elasticsearch', 'mysql'], '13.56.13.241': ['node-apt-app', 'logstash'], '13.57.58.49': ['haproxy', 'kibana'], '54.153.85.122': ['node-apt-app', 'kibana']}
Sum for DISK is 126, which exceeds 120
----------------------------------------
Problem running the job:
(<type 'exceptions.ZeroDivisionError'>, ZeroDivisionError('integer division or modulo by zero',), <traceback object at 0x1158474d0>)
Traceback (most recent call last):
  File "/Users/rahulbalakrishnan/Desktop/throttlebot/src/spearmint/spearmint/runner.py", line 42, in job_runner
    elif job.language == PYTHON: run_python_job(job)
  File "/Users/rahulbalakrishnan/Desktop/throttlebot/src/spearmint/spearmint/runner.py", line 142, in run_python_job
    result = module.main(job.id, params)
  File "/Users/rahulbalakrishnan/Desktop/throttlebot/src/spearmint/bayOptSearch/bayOpt.py", line 104, in main
    return explore_spearmint(workload_config, params)
  File "/Users/rahulbalakrishnan/Desktop/throttlebot/src/spearmint/bayOptSearch/bayOpt.py", line 162, in explore_spearmint
    return 1/0
ZeroDivisionError: integer division or modulo by zero
None
----------------------------------------
Job file reloaded.
Could not find value in output file.
Job failed in 12.79 seconds.
