Running in wrapper mode for '3'

Running python job.

[name: "CPU-QUOTA"
int_val: 89
int_val: 78
int_val: 98
, name: "DISK"
int_val: 43
int_val: 38
int_val: 16
, name: "MEMORY"
int_val: 23
int_val: 44
int_val: 48
, name: "NET"
int_val: 10
int_val: 10
int_val: 14
]
The paramters are {u'CPU-QUOTA': array([89, 78, 98]), u'NET': array([10, 10, 14]), u'DISK': array([43, 38, 16]), u'MEMORY': array([23, 44, 48])}
{'54.183.145.77': ['node-app'], '54.215.222.76': ['haproxy', 'mongo']}
Sum for CPU-QUOTA is 274, which exceeds 200
----------------------------------------
Problem running the job:
(<type 'exceptions.ZeroDivisionError'>, ZeroDivisionError('integer division or modulo by zero',), <traceback object at 0x116335050>)
Traceback (most recent call last):
  File "/Users/rahulbalakrishnan/Desktop/throttlebot/src/spearmint/spearmint/runner.py", line 42, in job_runner
    elif job.language == PYTHON: run_python_job(job)
  File "/Users/rahulbalakrishnan/Desktop/throttlebot/src/spearmint/spearmint/runner.py", line 142, in run_python_job
    result = module.main(job.id, params)
  File "/Users/rahulbalakrishnan/Desktop/throttlebot/src/spearmint/bayOptSearch/bayOpt.py", line 104, in main
    return explore_spearmint(workload_config, params)
  File "/Users/rahulbalakrishnan/Desktop/throttlebot/src/spearmint/bayOptSearch/bayOpt.py", line 162, in explore_spearmint
    return 1/0
ZeroDivisionError: integer division or modulo by zero
None
----------------------------------------
Job file reloaded.
Could not find value in output file.
Job failed in 2.36 seconds.
