Running in wrapper mode for '5204'

Running python job.

[name: "CPU-QUOTA"
int_val: 55
int_val: 40
int_val: 24
, name: "DISK"
int_val: 48
int_val: 49
int_val: 42
, name: "MEMORY"
int_val: 44
int_val: 23
int_val: 10
, name: "NET"
int_val: 16
int_val: 29
int_val: 39
]
The paramters are {u'CPU-QUOTA': array([55, 40, 24]), u'NET': array([16, 29, 39]), u'DISK': array([48, 49, 42]), u'MEMORY': array([44, 23, 10])}
{'54.183.145.77': ['node-app'], '54.215.222.76': ['haproxy', 'mongo']}
Sum for DISK is 133, which exceeds 120
----------------------------------------
Problem running the job:
(<type 'exceptions.ZeroDivisionError'>, ZeroDivisionError('integer division or modulo by zero',), <traceback object at 0x114c28908>)
Traceback (most recent call last):
  File "/Users/rahulbalakrishnan/Desktop/throttlebot/src/spearmint/spearmint/runner.py", line 42, in job_runner
    elif job.language == PYTHON: run_python_job(job)
  File "/Users/rahulbalakrishnan/Desktop/throttlebot/src/spearmint/spearmint/runner.py", line 142, in run_python_job
    result = module.main(job.id, params)
  File "/Users/rahulbalakrishnan/Desktop/throttlebot/src/spearmint/bayOptSearch/bayOpt.py", line 104, in main
    return explore_spearmint(workload_config, params)
  File "/Users/rahulbalakrishnan/Desktop/throttlebot/src/spearmint/bayOptSearch/bayOpt.py", line 162, in explore_spearmint
    return 1/0
ZeroDivisionError: integer division or modulo by zero
None
----------------------------------------
Job file reloaded.
Could not find value in output file.
Job failed in 4.84 seconds.
