Running in wrapper mode for '1'

Running python job.

[name: "CPU-QUOTA"
int_val: 55
int_val: 90
int_val: 63
, name: "DISK"
int_val: 38
int_val: 33
int_val: 31
, name: "MEMORY"
int_val: 38
int_val: 18
int_val: 33
, name: "NET"
int_val: 15
int_val: 16
int_val: 30
]
The paramters are {u'CPU-QUOTA': array([55, 90, 63]), u'NET': array([15, 16, 30]), u'DISK': array([38, 33, 31]), u'MEMORY': array([38, 18, 33])}
{'54.183.145.77': ['node-app'], '54.215.222.76': ['haproxy', 'mongo']}
Sum for CPU-QUOTA is 216, which exceeds 200
----------------------------------------
Problem running the job:
(<type 'exceptions.ZeroDivisionError'>, ZeroDivisionError('integer division or modulo by zero',), <traceback object at 0x116157dd0>)
Traceback (most recent call last):
  File "/Users/rahulbalakrishnan/Desktop/throttlebot/src/spearmint/spearmint/runner.py", line 42, in job_runner
    elif job.language == PYTHON: run_python_job(job)
  File "/Users/rahulbalakrishnan/Desktop/throttlebot/src/spearmint/spearmint/runner.py", line 142, in run_python_job
    result = module.main(job.id, params)
  File "/Users/rahulbalakrishnan/Desktop/throttlebot/src/spearmint/bayOptSearch/bayOpt.py", line 104, in main
    return explore_spearmint(workload_config, params)
  File "/Users/rahulbalakrishnan/Desktop/throttlebot/src/spearmint/bayOptSearch/bayOpt.py", line 162, in explore_spearmint
    return 1/0
ZeroDivisionError: integer division or modulo by zero
None
----------------------------------------
Job file reloaded.
Could not find value in output file.
Job failed in 2.52 seconds.
