Running in wrapper mode for '0'

Running python job.

[name: "CPU-QUOTA"
int_val: 100
int_val: 44
int_val: 18
, name: "DISK"
int_val: 18
int_val: 12
int_val: 11
, name: "MEMORY"
int_val: 18
int_val: 39
int_val: 12
, name: "NET"
int_val: 36
int_val: 36
int_val: 50
]
The paramters are {u'CPU-QUOTA': array([100,  44,  18]), u'NET': array([36, 36, 50]), u'DISK': array([18, 12, 11]), u'MEMORY': array([18, 39, 12])}
{'54.183.145.77': ['node-app'], '54.215.222.76': ['haproxy', 'mongo']}
Sum for NET is 136, which exceeds 120
----------------------------------------
Problem running the job:
(<type 'exceptions.ZeroDivisionError'>, ZeroDivisionError('integer division or modulo by zero',), <traceback object at 0x11618b950>)
Traceback (most recent call last):
  File "/Users/rahulbalakrishnan/Desktop/throttlebot/src/spearmint/spearmint/runner.py", line 42, in job_runner
    elif job.language == PYTHON: run_python_job(job)
  File "/Users/rahulbalakrishnan/Desktop/throttlebot/src/spearmint/spearmint/runner.py", line 142, in run_python_job
    result = module.main(job.id, params)
  File "/Users/rahulbalakrishnan/Desktop/throttlebot/src/spearmint/bayOptSearch/bayOpt.py", line 104, in main
    return explore_spearmint(workload_config, params)
  File "/Users/rahulbalakrishnan/Desktop/throttlebot/src/spearmint/bayOptSearch/bayOpt.py", line 162, in explore_spearmint
    return 1/0
ZeroDivisionError: integer division or modulo by zero
None
----------------------------------------
Job file reloaded.
Could not find value in output file.
Job failed in 3.53 seconds.
