Running in wrapper mode for '4'

Running python job.

[name: "CPU-QUOTA"
int_val: 66
int_val: 10
int_val: 75
, name: "DISK"
int_val: 12
int_val: 48
int_val: 47
, name: "MEMORY"
int_val: 13
int_val: 13
int_val: 17
, name: "NET"
int_val: 21
int_val: 41
int_val: 25
]
The paramters are {u'CPU-QUOTA': array([66, 10, 75]), u'NET': array([21, 41, 25]), u'DISK': array([12, 48, 47]), u'MEMORY': array([13, 13, 17])}
{'54.183.145.77': ['node-app'], '54.215.222.76': ['haproxy', 'mongo']}
Sum for DISK is 142, which exceeds 120
----------------------------------------
Problem running the job:
(<type 'exceptions.ZeroDivisionError'>, ZeroDivisionError('integer division or modulo by zero',), <traceback object at 0x11635cd88>)
Traceback (most recent call last):
  File "/Users/rahulbalakrishnan/Desktop/throttlebot/src/spearmint/spearmint/runner.py", line 42, in job_runner
    elif job.language == PYTHON: run_python_job(job)
  File "/Users/rahulbalakrishnan/Desktop/throttlebot/src/spearmint/spearmint/runner.py", line 142, in run_python_job
    result = module.main(job.id, params)
  File "/Users/rahulbalakrishnan/Desktop/throttlebot/src/spearmint/bayOptSearch/bayOpt.py", line 104, in main
    return explore_spearmint(workload_config, params)
  File "/Users/rahulbalakrishnan/Desktop/throttlebot/src/spearmint/bayOptSearch/bayOpt.py", line 162, in explore_spearmint
    return 1/0
ZeroDivisionError: integer division or modulo by zero
None
----------------------------------------
Job file reloaded.
Could not find value in output file.
Job failed in 4.81 seconds.
