Running in wrapper mode for '10688'

Running python job.

[name: "CPU-QUOTA"
int_val: 99
int_val: 12
int_val: 70
, name: "DISK"
int_val: 34
int_val: 45
int_val: 34
, name: "MEMORY"
int_val: 44
int_val: 29
int_val: 17
, name: "NET"
int_val: 37
int_val: 40
int_val: 46
]
The paramters are {u'CPU-QUOTA': array([99, 12, 70]), u'NET': array([37, 40, 46]), u'DISK': array([34, 45, 34]), u'MEMORY': array([44, 29, 17])}
{'54.183.145.77': ['node-app'], '54.215.222.76': ['haproxy', 'mongo']}
Sum for NET is 132, which exceeds 120
----------------------------------------
Problem running the job:
(<type 'exceptions.ZeroDivisionError'>, ZeroDivisionError('integer division or modulo by zero',), <traceback object at 0x114519ab8>)
Traceback (most recent call last):
  File "/Users/rahulbalakrishnan/Desktop/throttlebot/src/spearmint/spearmint/runner.py", line 42, in job_runner
    elif job.language == PYTHON: run_python_job(job)
  File "/Users/rahulbalakrishnan/Desktop/throttlebot/src/spearmint/spearmint/runner.py", line 142, in run_python_job
    result = module.main(job.id, params)
  File "/Users/rahulbalakrishnan/Desktop/throttlebot/src/spearmint/bayOptSearch/bayOpt.py", line 104, in main
    return explore_spearmint(workload_config, params)
  File "/Users/rahulbalakrishnan/Desktop/throttlebot/src/spearmint/bayOptSearch/bayOpt.py", line 162, in explore_spearmint
    return 1/0
ZeroDivisionError: integer division or modulo by zero
None
----------------------------------------
Job file reloaded.
Could not find value in output file.
Job failed in 3.70 seconds.
