Running in wrapper mode for '20018'

Running python job.

[name: "CPU-QUOTA"
int_val: 50
int_val: 33
int_val: 92
, name: "DISK"
int_val: 34
int_val: 30
int_val: 20
, name: "MEMORY"
int_val: 44
int_val: 28
int_val: 34
, name: "NET"
int_val: 16
int_val: 12
int_val: 43
]
The paramters are {u'CPU-QUOTA': array([50, 33, 92]), u'NET': array([16, 12, 43]), u'DISK': array([34, 30, 20]), u'MEMORY': array([44, 28, 34])}
{'54.183.145.77': ['node-app'], '54.215.222.76': ['haproxy', 'mongo']}
Sum for CPU-QUOTA is 217, which exceeds 200
----------------------------------------
Problem running the job:
(<type 'exceptions.ZeroDivisionError'>, ZeroDivisionError('integer division or modulo by zero',), <traceback object at 0x114c373f8>)
Traceback (most recent call last):
  File "/Users/rahulbalakrishnan/Desktop/throttlebot/src/spearmint/spearmint/runner.py", line 42, in job_runner
    elif job.language == PYTHON: run_python_job(job)
  File "/Users/rahulbalakrishnan/Desktop/throttlebot/src/spearmint/spearmint/runner.py", line 142, in run_python_job
    result = module.main(job.id, params)
  File "/Users/rahulbalakrishnan/Desktop/throttlebot/src/spearmint/bayOptSearch/bayOpt.py", line 104, in main
    return explore_spearmint(workload_config, params)
  File "/Users/rahulbalakrishnan/Desktop/throttlebot/src/spearmint/bayOptSearch/bayOpt.py", line 162, in explore_spearmint
    return 1/0
ZeroDivisionError: integer division or modulo by zero
None
----------------------------------------
Job file reloaded.
Could not find value in output file.
Job failed in 2.56 seconds.
