Running in wrapper mode for '20024'

Running python job.

[name: "CPU-QUOTA"
int_val: 74
int_val: 92
int_val: 98
, name: "DISK"
int_val: 50
int_val: 33
int_val: 39
, name: "MEMORY"
int_val: 44
int_val: 25
int_val: 42
, name: "NET"
int_val: 43
int_val: 15
int_val: 10
]
The paramters are {u'CPU-QUOTA': array([74, 92, 98]), u'NET': array([43, 15, 10]), u'DISK': array([50, 33, 39]), u'MEMORY': array([44, 25, 42])}
{'54.183.145.77': ['node-app'], '54.215.222.76': ['haproxy', 'mongo']}
Sum for CPU-QUOTA is 288, which exceeds 200
----------------------------------------
Problem running the job:
(<type 'exceptions.ZeroDivisionError'>, ZeroDivisionError('integer division or modulo by zero',), <traceback object at 0x114aaba70>)
Traceback (most recent call last):
  File "/Users/rahulbalakrishnan/Desktop/throttlebot/src/spearmint/spearmint/runner.py", line 42, in job_runner
    elif job.language == PYTHON: run_python_job(job)
  File "/Users/rahulbalakrishnan/Desktop/throttlebot/src/spearmint/spearmint/runner.py", line 142, in run_python_job
    result = module.main(job.id, params)
  File "/Users/rahulbalakrishnan/Desktop/throttlebot/src/spearmint/bayOptSearch/bayOpt.py", line 104, in main
    return explore_spearmint(workload_config, params)
  File "/Users/rahulbalakrishnan/Desktop/throttlebot/src/spearmint/bayOptSearch/bayOpt.py", line 162, in explore_spearmint
    return 1/0
ZeroDivisionError: integer division or modulo by zero
None
----------------------------------------
Job file reloaded.
Could not find value in output file.
Job failed in 2.69 seconds.
