Running in wrapper mode for '20031'

Running python job.

[name: "CPU-QUOTA"
int_val: 72
int_val: 81
int_val: 67
, name: "DISK"
int_val: 24
int_val: 12
int_val: 21
, name: "MEMORY"
int_val: 44
int_val: 23
int_val: 46
, name: "NET"
int_val: 27
int_val: 42
int_val: 12
]
The paramters are {u'CPU-QUOTA': array([72, 81, 67]), u'NET': array([27, 42, 12]), u'DISK': array([24, 12, 21]), u'MEMORY': array([44, 23, 46])}
{'54.183.145.77': ['node-app'], '54.215.222.76': ['haproxy', 'mongo']}
Sum for CPU-QUOTA is 215, which exceeds 200
----------------------------------------
Problem running the job:
(<type 'exceptions.ZeroDivisionError'>, ZeroDivisionError('integer division or modulo by zero',), <traceback object at 0x114d9a0e0>)
Traceback (most recent call last):
  File "/Users/rahulbalakrishnan/Desktop/throttlebot/src/spearmint/spearmint/runner.py", line 42, in job_runner
    elif job.language == PYTHON: run_python_job(job)
  File "/Users/rahulbalakrishnan/Desktop/throttlebot/src/spearmint/spearmint/runner.py", line 142, in run_python_job
    result = module.main(job.id, params)
  File "/Users/rahulbalakrishnan/Desktop/throttlebot/src/spearmint/bayOptSearch/bayOpt.py", line 104, in main
    return explore_spearmint(workload_config, params)
  File "/Users/rahulbalakrishnan/Desktop/throttlebot/src/spearmint/bayOptSearch/bayOpt.py", line 162, in explore_spearmint
    return 1/0
ZeroDivisionError: integer division or modulo by zero
None
----------------------------------------
Job file reloaded.
Could not find value in output file.
Job failed in 2.94 seconds.
