Running in wrapper mode for '20019'

Running python job.

[name: "CPU-QUOTA"
int_val: 74
int_val: 28
int_val: 78
, name: "DISK"
int_val: 30
int_val: 16
int_val: 22
, name: "MEMORY"
int_val: 44
int_val: 27
int_val: 38
, name: "NET"
int_val: 49
int_val: 49
int_val: 42
]
The paramters are {u'CPU-QUOTA': array([74, 28, 78]), u'NET': array([49, 49, 42]), u'DISK': array([30, 16, 22]), u'MEMORY': array([44, 27, 38])}
{'54.183.145.77': ['node-app'], '54.215.222.76': ['haproxy', 'mongo']}
Sum for NET is 133, which exceeds 120
----------------------------------------
Problem running the job:
(<type 'exceptions.ZeroDivisionError'>, ZeroDivisionError('integer division or modulo by zero',), <traceback object at 0x1148c71b8>)
Traceback (most recent call last):
  File "/Users/rahulbalakrishnan/Desktop/throttlebot/src/spearmint/spearmint/runner.py", line 42, in job_runner
    elif job.language == PYTHON: run_python_job(job)
  File "/Users/rahulbalakrishnan/Desktop/throttlebot/src/spearmint/spearmint/runner.py", line 142, in run_python_job
    result = module.main(job.id, params)
  File "/Users/rahulbalakrishnan/Desktop/throttlebot/src/spearmint/bayOptSearch/bayOpt.py", line 104, in main
    return explore_spearmint(workload_config, params)
  File "/Users/rahulbalakrishnan/Desktop/throttlebot/src/spearmint/bayOptSearch/bayOpt.py", line 162, in explore_spearmint
    return 1/0
ZeroDivisionError: integer division or modulo by zero
None
----------------------------------------
Job file reloaded.
Could not find value in output file.
Job failed in 3.65 seconds.
