Running in wrapper mode for '20027'

Running python job.

[name: "CPU-QUOTA"
int_val: 89
int_val: 24
int_val: 99
, name: "DISK"
int_val: 20
int_val: 25
int_val: 26
, name: "MEMORY"
int_val: 44
int_val: 29
int_val: 13
, name: "NET"
int_val: 11
int_val: 23
int_val: 49
]
The paramters are {u'CPU-QUOTA': array([89, 24, 99]), u'NET': array([11, 23, 49]), u'DISK': array([20, 25, 26]), u'MEMORY': array([44, 29, 13])}
{'54.183.145.77': ['node-app'], '54.215.222.76': ['haproxy', 'mongo']}
Sum for CPU-QUOTA is 222, which exceeds 200
----------------------------------------
Problem running the job:
(<type 'exceptions.ZeroDivisionError'>, ZeroDivisionError('integer division or modulo by zero',), <traceback object at 0x114c32cf8>)
Traceback (most recent call last):
  File "/Users/rahulbalakrishnan/Desktop/throttlebot/src/spearmint/spearmint/runner.py", line 42, in job_runner
    elif job.language == PYTHON: run_python_job(job)
  File "/Users/rahulbalakrishnan/Desktop/throttlebot/src/spearmint/spearmint/runner.py", line 142, in run_python_job
    result = module.main(job.id, params)
  File "/Users/rahulbalakrishnan/Desktop/throttlebot/src/spearmint/bayOptSearch/bayOpt.py", line 104, in main
    return explore_spearmint(workload_config, params)
  File "/Users/rahulbalakrishnan/Desktop/throttlebot/src/spearmint/bayOptSearch/bayOpt.py", line 162, in explore_spearmint
    return 1/0
ZeroDivisionError: integer division or modulo by zero
None
----------------------------------------
Job file reloaded.
Could not find value in output file.
Job failed in 2.46 seconds.
