Running in wrapper mode for '8304'

Running python job.

[name: "CPU-QUOTA"
int_val: 75
int_val: 71
int_val: 36
, name: "DISK"
int_val: 46
int_val: 38
int_val: 33
, name: "MEMORY"
int_val: 30
int_val: 37
int_val: 22
, name: "NET"
int_val: 30
int_val: 50
int_val: 45
]
The paramters are {u'CPU-QUOTA': array([75, 71, 36]), u'NET': array([30, 50, 45]), u'DISK': array([46, 38, 33]), u'MEMORY': array([30, 37, 22])}
{'54.183.145.77': ['node-app'], '54.215.222.76': ['haproxy', 'mongo']}
Sum for NET is 140, which exceeds 120
----------------------------------------
Problem running the job:
(<type 'exceptions.ZeroDivisionError'>, ZeroDivisionError('integer division or modulo by zero',), <traceback object at 0x111414680>)
Traceback (most recent call last):
  File "/Users/rahulbalakrishnan/Desktop/throttlebot/src/spearmint/spearmint/runner.py", line 42, in job_runner
    elif job.language == PYTHON: run_python_job(job)
  File "/Users/rahulbalakrishnan/Desktop/throttlebot/src/spearmint/spearmint/runner.py", line 142, in run_python_job
    result = module.main(job.id, params)
  File "/Users/rahulbalakrishnan/Desktop/throttlebot/src/spearmint/bayOptSearch/bayOpt.py", line 104, in main
    return explore_spearmint(workload_config, params)
  File "/Users/rahulbalakrishnan/Desktop/throttlebot/src/spearmint/bayOptSearch/bayOpt.py", line 162, in explore_spearmint
    return 1/0
ZeroDivisionError: integer division or modulo by zero
None
----------------------------------------
Job file reloaded.
Could not find value in output file.
Job failed in 3.73 seconds.
