Running in wrapper mode for '753'

Running python job.

[name: "CPU-QUOTA"
int_val: 96
int_val: 14
int_val: 17
, name: "DISK"
int_val: 46
int_val: 34
int_val: 37
, name: "MEMORY"
int_val: 33
int_val: 42
int_val: 45
, name: "NET"
int_val: 29
int_val: 30
int_val: 46
]
The paramters are {u'CPU-QUOTA': array([96, 14, 17]), u'NET': array([29, 30, 46]), u'DISK': array([46, 34, 37]), u'MEMORY': array([33, 42, 45])}
{'54.183.145.77': ['node-app'], '54.215.222.76': ['haproxy', 'mongo']}
Sum for NET is 122, which exceeds 120
----------------------------------------
Problem running the job:
(<type 'exceptions.ZeroDivisionError'>, ZeroDivisionError('integer division or modulo by zero',), <traceback object at 0x116516368>)
Traceback (most recent call last):
  File "/Users/rahulbalakrishnan/Desktop/throttlebot/src/spearmint/spearmint/runner.py", line 42, in job_runner
    elif job.language == PYTHON: run_python_job(job)
  File "/Users/rahulbalakrishnan/Desktop/throttlebot/src/spearmint/spearmint/runner.py", line 142, in run_python_job
    result = module.main(job.id, params)
  File "/Users/rahulbalakrishnan/Desktop/throttlebot/src/spearmint/bayOptSearch/bayOpt.py", line 104, in main
    return explore_spearmint(workload_config, params)
  File "/Users/rahulbalakrishnan/Desktop/throttlebot/src/spearmint/bayOptSearch/bayOpt.py", line 162, in explore_spearmint
    return 1/0
ZeroDivisionError: integer division or modulo by zero
None
----------------------------------------
Job file reloaded.
Could not find value in output file.
Job failed in 4.04 seconds.
