Running in wrapper mode for '2384'

Running python job.

[name: "CPU-QUOTA"
int_val: 76
int_val: 94
int_val: 28
, name: "DISK"
int_val: 15
int_val: 12
int_val: 33
, name: "MEMORY"
int_val: 32
int_val: 43
int_val: 50
, name: "NET"
int_val: 25
int_val: 31
int_val: 27
]
The paramters are {u'CPU-QUOTA': array([76, 94, 28]), u'NET': array([25, 31, 27]), u'DISK': array([15, 12, 33]), u'MEMORY': array([32, 43, 50])}
{'54.183.145.77': ['node-app'], '54.215.222.76': ['haproxy', 'mongo']}
Sum for MEMORY is 143, which exceeds 120
----------------------------------------
Problem running the job:
(<type 'exceptions.ZeroDivisionError'>, ZeroDivisionError('integer division or modulo by zero',), <traceback object at 0x115f22050>)
Traceback (most recent call last):
  File "/Users/rahulbalakrishnan/Desktop/throttlebot/src/spearmint/spearmint/runner.py", line 42, in job_runner
    elif job.language == PYTHON: run_python_job(job)
  File "/Users/rahulbalakrishnan/Desktop/throttlebot/src/spearmint/spearmint/runner.py", line 142, in run_python_job
    result = module.main(job.id, params)
  File "/Users/rahulbalakrishnan/Desktop/throttlebot/src/spearmint/bayOptSearch/bayOpt.py", line 104, in main
    return explore_spearmint(workload_config, params)
  File "/Users/rahulbalakrishnan/Desktop/throttlebot/src/spearmint/bayOptSearch/bayOpt.py", line 162, in explore_spearmint
    return 1/0
ZeroDivisionError: integer division or modulo by zero
None
----------------------------------------
Job file reloaded.
Could not find value in output file.
Job failed in 6.13 seconds.
