Running in wrapper mode for '1'

Running python job.

[name: "CPU-QUOTA"
int_val: 94
int_val: 53
int_val: 54
, name: "DISK"
int_val: 16
int_val: 15
int_val: 23
, name: "MEMORY"
int_val: 16
int_val: 15
int_val: 48
, name: "NET"
int_val: 18
int_val: 40
int_val: 47
]
The paramters are {u'CPU-QUOTA': array([94, 53, 54]), u'NET': array([18, 40, 47]), u'DISK': array([16, 15, 23]), u'MEMORY': array([16, 15, 48])}
{'54.183.145.77': ['node-app'], '54.215.222.76': ['haproxy', 'mongo']}
Sum for NET is 134, which exceeds 120
----------------------------------------
Problem running the job:
(<type 'exceptions.ZeroDivisionError'>, ZeroDivisionError('integer division or modulo by zero',), <traceback object at 0x11306fc20>)
Traceback (most recent call last):
  File "/Users/rahulbalakrishnan/Desktop/throttlebot/src/spearmint/spearmint/runner.py", line 42, in job_runner
    elif job.language == PYTHON: run_python_job(job)
  File "/Users/rahulbalakrishnan/Desktop/throttlebot/src/spearmint/spearmint/runner.py", line 142, in run_python_job
    result = module.main(job.id, params)
  File "/Users/rahulbalakrishnan/Desktop/throttlebot/src/spearmint/bayOptSearch/bayOpt.py", line 104, in main
    return explore_spearmint(workload_config, params)
  File "/Users/rahulbalakrishnan/Desktop/throttlebot/src/spearmint/bayOptSearch/bayOpt.py", line 162, in explore_spearmint
    return 1/0
ZeroDivisionError: integer division or modulo by zero
None
----------------------------------------
Job file reloaded.
Could not find value in output file.
Job failed in 3.62 seconds.
