Running in wrapper mode for '2'

Running python job.

[name: "CPU-QUOTA"
int_val: 48
int_val: 99
int_val: 100
, name: "DISK"
int_val: 36
int_val: 35
int_val: 44
, name: "MEMORY"
int_val: 37
int_val: 35
int_val: 27
, name: "NET"
int_val: 38
int_val: 19
int_val: 27
]
The paramters are {u'CPU-QUOTA': array([ 48,  99, 100]), u'NET': array([38, 19, 27]), u'DISK': array([36, 35, 44]), u'MEMORY': array([37, 35, 27])}
{'54.183.145.77': ['node-app'], '54.215.222.76': ['haproxy', 'mongo']}
Sum for CPU-QUOTA is 299, which exceeds 200
----------------------------------------
Problem running the job:
(<type 'exceptions.ZeroDivisionError'>, ZeroDivisionError('integer division or modulo by zero',), <traceback object at 0x113233098>)
Traceback (most recent call last):
  File "/Users/rahulbalakrishnan/Desktop/throttlebot/src/spearmint/spearmint/runner.py", line 42, in job_runner
    elif job.language == PYTHON: run_python_job(job)
  File "/Users/rahulbalakrishnan/Desktop/throttlebot/src/spearmint/spearmint/runner.py", line 142, in run_python_job
    result = module.main(job.id, params)
  File "/Users/rahulbalakrishnan/Desktop/throttlebot/src/spearmint/bayOptSearch/bayOpt.py", line 104, in main
    return explore_spearmint(workload_config, params)
  File "/Users/rahulbalakrishnan/Desktop/throttlebot/src/spearmint/bayOptSearch/bayOpt.py", line 162, in explore_spearmint
    return 1/0
ZeroDivisionError: integer division or modulo by zero
None
----------------------------------------
Job file reloaded.
Could not find value in output file.
Job failed in 2.27 seconds.
