Running in wrapper mode for '7532'

Running python job.

[name: "CPU-QUOTA"
int_val: 91
int_val: 67
int_val: 33
, name: "DISK"
int_val: 14
int_val: 48
int_val: 42
, name: "MEMORY"
int_val: 48
int_val: 42
int_val: 40
, name: "NET"
int_val: 48
int_val: 29
int_val: 41
]
The paramters are {u'CPU-QUOTA': array([91, 67, 33]), u'NET': array([48, 29, 41]), u'DISK': array([14, 48, 42]), u'MEMORY': array([48, 42, 40])}
{'54.183.145.77': ['node-app'], '54.215.222.76': ['haproxy', 'mongo']}
Sum for DISK is 132, which exceeds 120
----------------------------------------
Problem running the job:
(<type 'exceptions.ZeroDivisionError'>, ZeroDivisionError('integer division or modulo by zero',), <traceback object at 0x1161e2e18>)
Traceback (most recent call last):
  File "/Users/rahulbalakrishnan/Desktop/throttlebot/src/spearmint/spearmint/runner.py", line 42, in job_runner
    elif job.language == PYTHON: run_python_job(job)
  File "/Users/rahulbalakrishnan/Desktop/throttlebot/src/spearmint/spearmint/runner.py", line 142, in run_python_job
    result = module.main(job.id, params)
  File "/Users/rahulbalakrishnan/Desktop/throttlebot/src/spearmint/bayOptSearch/bayOpt.py", line 104, in main
    return explore_spearmint(workload_config, params)
  File "/Users/rahulbalakrishnan/Desktop/throttlebot/src/spearmint/bayOptSearch/bayOpt.py", line 162, in explore_spearmint
    return 1/0
ZeroDivisionError: integer division or modulo by zero
None
----------------------------------------
Job file reloaded.
Could not find value in output file.
Job failed in 4.87 seconds.
