Running in wrapper mode for '17448'

Running python job.

[name: "CPU-QUOTA"
int_val: 56
int_val: 59
int_val: 33
, name: "DISK"
int_val: 26
int_val: 35
int_val: 39
, name: "MEMORY"
int_val: 25
int_val: 44
int_val: 23
, name: "NET"
int_val: 39
int_val: 30
int_val: 46
]
The paramters are {u'CPU-QUOTA': array([56, 59, 33]), u'NET': array([39, 30, 46]), u'DISK': array([26, 35, 39]), u'MEMORY': array([25, 44, 23])}
{'54.183.145.77': ['node-app'], '54.215.222.76': ['haproxy', 'mongo']}
Sum for NET is 122, which exceeds 120
----------------------------------------
Problem running the job:
(<type 'exceptions.ZeroDivisionError'>, ZeroDivisionError('integer division or modulo by zero',), <traceback object at 0x111413320>)
Traceback (most recent call last):
  File "/Users/rahulbalakrishnan/Desktop/throttlebot/src/spearmint/spearmint/runner.py", line 42, in job_runner
    elif job.language == PYTHON: run_python_job(job)
  File "/Users/rahulbalakrishnan/Desktop/throttlebot/src/spearmint/spearmint/runner.py", line 142, in run_python_job
    result = module.main(job.id, params)
  File "/Users/rahulbalakrishnan/Desktop/throttlebot/src/spearmint/bayOptSearch/bayOpt.py", line 104, in main
    return explore_spearmint(workload_config, params)
  File "/Users/rahulbalakrishnan/Desktop/throttlebot/src/spearmint/bayOptSearch/bayOpt.py", line 162, in explore_spearmint
    return 1/0
ZeroDivisionError: integer division or modulo by zero
None
----------------------------------------
Job file reloaded.
Could not find value in output file.
Job failed in 3.84 seconds.
