Running in wrapper mode for '20023'

Running python job.

[name: "CPU-QUOTA"
int_val: 67
int_val: 59
int_val: 25
, name: "DISK"
int_val: 26
int_val: 20
int_val: 43
, name: "MEMORY"
int_val: 40
int_val: 41
int_val: 42
, name: "NET"
int_val: 49
int_val: 28
int_val: 39
]
The paramters are {u'CPU-QUOTA': array([67, 59, 25]), u'NET': array([49, 28, 39]), u'DISK': array([26, 20, 43]), u'MEMORY': array([40, 41, 42])}
{'54.183.145.77': ['node-app'], '54.215.222.76': ['haproxy', 'mongo']}
Sum for MEMORY is 125, which exceeds 120
----------------------------------------
Problem running the job:
(<type 'exceptions.ZeroDivisionError'>, ZeroDivisionError('integer division or modulo by zero',), <traceback object at 0x1117f5998>)
Traceback (most recent call last):
  File "/Users/rahulbalakrishnan/Desktop/throttlebot/src/spearmint/spearmint/runner.py", line 42, in job_runner
    elif job.language == PYTHON: run_python_job(job)
  File "/Users/rahulbalakrishnan/Desktop/throttlebot/src/spearmint/spearmint/runner.py", line 142, in run_python_job
    result = module.main(job.id, params)
  File "/Users/rahulbalakrishnan/Desktop/throttlebot/src/spearmint/bayOptSearch/bayOpt.py", line 104, in main
    return explore_spearmint(workload_config, params)
  File "/Users/rahulbalakrishnan/Desktop/throttlebot/src/spearmint/bayOptSearch/bayOpt.py", line 162, in explore_spearmint
    return 1/0
ZeroDivisionError: integer division or modulo by zero
None
----------------------------------------
Job file reloaded.
Could not find value in output file.
Job failed in 5.78 seconds.
