Running in wrapper mode for '20001'

Running python job.

[name: "CPU-QUOTA"
int_val: 81
int_val: 77
int_val: 34
, name: "DISK"
int_val: 32
int_val: 16
int_val: 22
, name: "MEMORY"
int_val: 26
int_val: 43
int_val: 40
, name: "NET"
int_val: 10
int_val: 45
int_val: 15
]
The paramters are {u'CPU-QUOTA': array([81, 77, 34]), u'NET': array([10, 45, 15]), u'DISK': array([32, 16, 22]), u'MEMORY': array([26, 43, 40])}
{'54.183.145.77': ['node-app'], '54.215.222.76': ['haproxy', 'mongo']}
Sum for MEMORY is 123, which exceeds 120
----------------------------------------
Problem running the job:
(<type 'exceptions.ZeroDivisionError'>, ZeroDivisionError('integer division or modulo by zero',), <traceback object at 0x1114daa70>)
Traceback (most recent call last):
  File "/Users/rahulbalakrishnan/Desktop/throttlebot/src/spearmint/spearmint/runner.py", line 42, in job_runner
    elif job.language == PYTHON: run_python_job(job)
  File "/Users/rahulbalakrishnan/Desktop/throttlebot/src/spearmint/spearmint/runner.py", line 142, in run_python_job
    result = module.main(job.id, params)
  File "/Users/rahulbalakrishnan/Desktop/throttlebot/src/spearmint/bayOptSearch/bayOpt.py", line 104, in main
    return explore_spearmint(workload_config, params)
  File "/Users/rahulbalakrishnan/Desktop/throttlebot/src/spearmint/bayOptSearch/bayOpt.py", line 162, in explore_spearmint
    return 1/0
ZeroDivisionError: integer division or modulo by zero
None
----------------------------------------
Job file reloaded.
Could not find value in output file.
Job failed in 5.95 seconds.
