Running in wrapper mode for '20019'

Running python job.

[name: "CPU-QUOTA"
int_val: 39
int_val: 59
int_val: 78
, name: "DISK"
int_val: 50
int_val: 45
int_val: 34
, name: "MEMORY"
int_val: 13
int_val: 43
int_val: 20
, name: "NET"
int_val: 31
int_val: 30
int_val: 38
]
The paramters are {u'CPU-QUOTA': array([39, 59, 78]), u'NET': array([31, 30, 38]), u'DISK': array([50, 45, 34]), u'MEMORY': array([13, 43, 20])}
{'54.183.145.77': ['node-app'], '54.215.222.76': ['haproxy', 'mongo']}
Sum for CPU-QUOTA is 215, which exceeds 200
----------------------------------------
Problem running the job:
(<type 'exceptions.ZeroDivisionError'>, ZeroDivisionError('integer division or modulo by zero',), <traceback object at 0x113e6e440>)
Traceback (most recent call last):
  File "/Users/rahulbalakrishnan/Desktop/throttlebot/src/spearmint/spearmint/runner.py", line 42, in job_runner
    elif job.language == PYTHON: run_python_job(job)
  File "/Users/rahulbalakrishnan/Desktop/throttlebot/src/spearmint/spearmint/runner.py", line 142, in run_python_job
    result = module.main(job.id, params)
  File "/Users/rahulbalakrishnan/Desktop/throttlebot/src/spearmint/bayOptSearch/bayOpt.py", line 104, in main
    return explore_spearmint(workload_config, params)
  File "/Users/rahulbalakrishnan/Desktop/throttlebot/src/spearmint/bayOptSearch/bayOpt.py", line 162, in explore_spearmint
    return 1/0
ZeroDivisionError: integer division or modulo by zero
None
----------------------------------------
Job file reloaded.
Could not find value in output file.
Job failed in 2.77 seconds.
