Running in wrapper mode for '7'

Running python job.

[name: "CPU-QUOTA"
int_val: 87
int_val: 83
int_val: 75
, name: "DISK"
int_val: 31
int_val: 45
int_val: 14
, name: "MEMORY"
int_val: 10
int_val: 17
int_val: 33
, name: "NET"
int_val: 21
int_val: 27
int_val: 45
]
The paramters are {u'CPU-QUOTA': array([87, 83, 75]), u'NET': array([21, 27, 45]), u'DISK': array([31, 45, 14]), u'MEMORY': array([10, 17, 33])}
{'54.183.145.77': ['node-app'], '54.215.222.76': ['haproxy', 'mongo']}
Sum for CPU-QUOTA is 233, which exceeds 200
----------------------------------------
Problem running the job:
(<type 'exceptions.ZeroDivisionError'>, ZeroDivisionError('integer division or modulo by zero',), <traceback object at 0x110818638>)
Traceback (most recent call last):
  File "/Users/rahulbalakrishnan/Desktop/throttlebot/src/spearmint/spearmint/runner.py", line 42, in job_runner
    elif job.language == PYTHON: run_python_job(job)
  File "/Users/rahulbalakrishnan/Desktop/throttlebot/src/spearmint/spearmint/runner.py", line 142, in run_python_job
    result = module.main(job.id, params)
  File "/Users/rahulbalakrishnan/Desktop/throttlebot/src/spearmint/bayOptSearch/bayOpt.py", line 104, in main
    return explore_spearmint(workload_config, params)
  File "/Users/rahulbalakrishnan/Desktop/throttlebot/src/spearmint/bayOptSearch/bayOpt.py", line 162, in explore_spearmint
    return 1/0
ZeroDivisionError: integer division or modulo by zero
None
----------------------------------------
Job file reloaded.
Could not find value in output file.
Job failed in 2.45 seconds.
