Running in wrapper mode for '8'

Running python job.

[name: "CPU-QUOTA"
int_val: 65
int_val: 14
int_val: 98
, name: "DISK"
int_val: 20
int_val: 35
int_val: 45
, name: "MEMORY"
int_val: 21
int_val: 47
int_val: 23
, name: "NET"
int_val: 11
int_val: 37
int_val: 34
]
The paramters are {u'CPU-QUOTA': array([65, 14, 98]), u'NET': array([11, 37, 34]), u'DISK': array([20, 35, 45]), u'MEMORY': array([21, 47, 23])}
{'54.183.145.77': ['node-app'], '54.215.222.76': ['haproxy', 'mongo']}
Sum for CPU-QUOTA is 210, which exceeds 200
----------------------------------------
Problem running the job:
(<type 'exceptions.ZeroDivisionError'>, ZeroDivisionError('integer division or modulo by zero',), <traceback object at 0x1108187e8>)
Traceback (most recent call last):
  File "/Users/rahulbalakrishnan/Desktop/throttlebot/src/spearmint/spearmint/runner.py", line 42, in job_runner
    elif job.language == PYTHON: run_python_job(job)
  File "/Users/rahulbalakrishnan/Desktop/throttlebot/src/spearmint/spearmint/runner.py", line 142, in run_python_job
    result = module.main(job.id, params)
  File "/Users/rahulbalakrishnan/Desktop/throttlebot/src/spearmint/bayOptSearch/bayOpt.py", line 104, in main
    return explore_spearmint(workload_config, params)
  File "/Users/rahulbalakrishnan/Desktop/throttlebot/src/spearmint/bayOptSearch/bayOpt.py", line 162, in explore_spearmint
    return 1/0
ZeroDivisionError: integer division or modulo by zero
None
----------------------------------------
Job file reloaded.
Could not find value in output file.
Job failed in 2.38 seconds.
