Running in wrapper mode for '2'

Running python job.

[name: "CPU-QUOTA"
int_val: 31
int_val: 26
int_val: 63
, name: "DISK"
int_val: 15
int_val: 40
int_val: 29
, name: "MEMORY"
int_val: 36
int_val: 12
int_val: 18
, name: "NET"
int_val: 16
int_val: 32
int_val: 50
]
The paramters are {u'CPU-QUOTA': array([31, 26, 63]), u'NET': array([16, 32, 50]), u'DISK': array([15, 40, 29]), u'MEMORY': array([36, 12, 18])}
{'54.183.145.77': ['node-app'], '54.215.222.76': ['haproxy', 'mongo']}
Sum for NET is 132, which exceeds 120
----------------------------------------
Problem running the job:
(<type 'exceptions.ZeroDivisionError'>, ZeroDivisionError('integer division or modulo by zero',), <traceback object at 0x11053fcf8>)
Traceback (most recent call last):
  File "/Users/rahulbalakrishnan/Desktop/throttlebot/src/spearmint/spearmint/runner.py", line 42, in job_runner
    elif job.language == PYTHON: run_python_job(job)
  File "/Users/rahulbalakrishnan/Desktop/throttlebot/src/spearmint/spearmint/runner.py", line 142, in run_python_job
    result = module.main(job.id, params)
  File "/Users/rahulbalakrishnan/Desktop/throttlebot/src/spearmint/bayOptSearch/bayOpt.py", line 104, in main
    return explore_spearmint(workload_config, params)
  File "/Users/rahulbalakrishnan/Desktop/throttlebot/src/spearmint/bayOptSearch/bayOpt.py", line 162, in explore_spearmint
    return 1/0
ZeroDivisionError: integer division or modulo by zero
None
----------------------------------------
Job file reloaded.
Could not find value in output file.
Job failed in 3.74 seconds.
