Running in wrapper mode for '1'

Running python job.

[name: "CPU-QUOTA"
int_val: 25
int_val: 88
int_val: 24
, name: "DISK"
int_val: 28
int_val: 32
int_val: 27
, name: "MEMORY"
int_val: 44
int_val: 35
int_val: 46
, name: "NET"
int_val: 34
int_val: 35
int_val: 42
]
The paramters are {u'CPU-QUOTA': array([25, 88, 24]), u'NET': array([34, 35, 42]), u'DISK': array([28, 32, 27]), u'MEMORY': array([44, 35, 46])}
{'54.183.145.77': ['node-app'], '54.215.222.76': ['haproxy', 'mongo']}
Sum for MEMORY is 127, which exceeds 120
----------------------------------------
Problem running the job:
(<type 'exceptions.ZeroDivisionError'>, ZeroDivisionError('integer division or modulo by zero',), <traceback object at 0x110394cb0>)
Traceback (most recent call last):
  File "/Users/rahulbalakrishnan/Desktop/throttlebot/src/spearmint/spearmint/runner.py", line 42, in job_runner
    elif job.language == PYTHON: run_python_job(job)
  File "/Users/rahulbalakrishnan/Desktop/throttlebot/src/spearmint/spearmint/runner.py", line 142, in run_python_job
    result = module.main(job.id, params)
  File "/Users/rahulbalakrishnan/Desktop/throttlebot/src/spearmint/bayOptSearch/bayOpt.py", line 104, in main
    return explore_spearmint(workload_config, params)
  File "/Users/rahulbalakrishnan/Desktop/throttlebot/src/spearmint/bayOptSearch/bayOpt.py", line 162, in explore_spearmint
    return 1/0
ZeroDivisionError: integer division or modulo by zero
None
----------------------------------------
Job file reloaded.
Could not find value in output file.
Job failed in 5.87 seconds.
