Running in wrapper mode for '5'

Running python job.

[name: "CPU-QUOTA"
int_val: 53
int_val: 94
int_val: 86
, name: "DISK"
int_val: 46
int_val: 50
int_val: 39
, name: "MEMORY"
int_val: 46
int_val: 42
int_val: 49
, name: "NET"
int_val: 26
int_val: 22
int_val: 40
]
The paramters are {u'CPU-QUOTA': array([53, 94, 86]), u'NET': array([26, 22, 40]), u'DISK': array([46, 50, 39]), u'MEMORY': array([46, 42, 49])}
{'54.183.145.77': ['node-app'], '54.215.222.76': ['haproxy', 'mongo']}
Sum for CPU-QUOTA is 266, which exceeds 200
----------------------------------------
Problem running the job:
(<type 'exceptions.ZeroDivisionError'>, ZeroDivisionError('integer division or modulo by zero',), <traceback object at 0x110819440>)
Traceback (most recent call last):
  File "/Users/rahulbalakrishnan/Desktop/throttlebot/src/spearmint/spearmint/runner.py", line 42, in job_runner
    elif job.language == PYTHON: run_python_job(job)
  File "/Users/rahulbalakrishnan/Desktop/throttlebot/src/spearmint/spearmint/runner.py", line 142, in run_python_job
    result = module.main(job.id, params)
  File "/Users/rahulbalakrishnan/Desktop/throttlebot/src/spearmint/bayOptSearch/bayOpt.py", line 104, in main
    return explore_spearmint(workload_config, params)
  File "/Users/rahulbalakrishnan/Desktop/throttlebot/src/spearmint/bayOptSearch/bayOpt.py", line 162, in explore_spearmint
    return 1/0
ZeroDivisionError: integer division or modulo by zero
None
----------------------------------------
Job file reloaded.
Could not find value in output file.
Job failed in 2.55 seconds.
